

Started GET "/" for 127.0.0.1 at 2015-10-04 12:36:40 -0700
Connecting to database specified by database.yml

ActionController::RoutingError (No route matches [GET] "/"):
  actionpack (3.2.18) lib/action_dispatch/middleware/debug_exceptions.rb:21:in `call'
  actionpack (3.2.18) lib/action_dispatch/middleware/show_exceptions.rb:56:in `call'
  railties (3.2.18) lib/rails/rack/logger.rb:32:in `call_app'
  railties (3.2.18) lib/rails/rack/logger.rb:16:in `block in call'
  activesupport (3.2.18) lib/active_support/tagged_logging.rb:22:in `tagged'
  railties (3.2.18) lib/rails/rack/logger.rb:16:in `call'
  actionpack (3.2.18) lib/action_dispatch/middleware/request_id.rb:22:in `call'
  rack (1.4.5) lib/rack/methodoverride.rb:21:in `call'
  rack (1.4.5) lib/rack/runtime.rb:17:in `call'
  activesupport (3.2.18) lib/active_support/cache/strategy/local_cache.rb:72:in `call'
  rack (1.4.5) lib/rack/lock.rb:15:in `call'
  actionpack (3.2.18) lib/action_dispatch/middleware/static.rb:63:in `call'
  railties (3.2.18) lib/rails/engine.rb:484:in `call'
  railties (3.2.18) lib/rails/application.rb:231:in `call'
  rack (1.4.5) lib/rack/content_length.rb:14:in `call'
  railties (3.2.18) lib/rails/rack/log_tailer.rb:17:in `call'
  rack (1.4.5) lib/rack/handler/webrick.rb:59:in `service'
  /home/mona/.rvm/rubies/ruby-1.9.3-p551/lib/ruby/1.9.1/webrick/httpserver.rb:138:in `service'
  /home/mona/.rvm/rubies/ruby-1.9.3-p551/lib/ruby/1.9.1/webrick/httpserver.rb:94:in `run'
  /home/mona/.rvm/rubies/ruby-1.9.3-p551/lib/ruby/1.9.1/webrick/server.rb:191:in `block in start_thread'


  Rendered /home/mona/.rvm/gems/ruby-1.9.3-p551/gems/actionpack-3.2.18/lib/action_dispatch/middleware/templates/rescues/routing_error.erb within rescues/layout (31.5ms)
Connecting to database specified by database.yml
Connecting to database specified by database.yml
Connecting to database specified by database.yml
  [1m[36m (1.8ms)[0m  [1mCREATE TABLE "schema_migrations" ("version" character varying(255) NOT NULL) [0m
  [1m[35m (1.9ms)[0m  CREATE UNIQUE INDEX "unique_schema_migrations" ON "schema_migrations" ("version")
  [1m[36m (0.2ms)[0m  [1mSELECT "schema_migrations"."version" FROM "schema_migrations" [0m
Migrating to CreateMovies (20111119180638)
  [1m[35m (0.0ms)[0m  BEGIN
  [1m[36m (3.8ms)[0m  [1mCREATE TABLE "movies" ("id" serial primary key, "title" character varying(255), "rating" character varying(255), "description" text, "release_date" timestamp, "created_at" timestamp NOT NULL, "updated_at" timestamp NOT NULL) [0m
  [1m[35m (0.3ms)[0m  INSERT INTO "schema_migrations" ("version") VALUES ('20111119180638')
  [1m[36m (0.5ms)[0m  [1mCOMMIT[0m
  [1m[35m (0.9ms)[0m  SELECT "schema_migrations"."version" FROM "schema_migrations" 
Connecting to database specified by database.yml
  [1m[36m (1.6ms)[0m  [1mDROP TABLE "movies"[0m
  [1m[35m (4.0ms)[0m  CREATE TABLE "movies" ("id" serial primary key, "title" character varying(255), "rating" character varying(255), "description" text, "release_date" timestamp, "created_at" timestamp NOT NULL, "updated_at" timestamp NOT NULL) 
  [1m[36m (0.3ms)[0m  [1mSELECT version FROM "schema_migrations"[0m
  [1m[35m (0.2ms)[0m  SELECT "schema_migrations"."version" FROM "schema_migrations" 
  [1m[36m (0.1ms)[0m  [1mBEGIN[0m
  [1m[35mSQL (29.7ms)[0m  INSERT INTO "movies" ("created_at", "description", "rating", "release_date", "title", "updated_at") VALUES ($1, $2, $3, $4, $5, $6) RETURNING "id"  [["created_at", Sun, 04 Oct 2015 20:00:11 UTC +00:00], ["description", nil], ["rating", "G"], ["release_date", Wed, 25 Nov 1992 00:00:00 UTC +00:00], ["title", "Aladdin"], ["updated_at", Sun, 04 Oct 2015 20:00:11 UTC +00:00]]
  [1m[36m (0.4ms)[0m  [1mCOMMIT[0m
  [1m[35m (0.1ms)[0m  BEGIN
  [1m[36mSQL (0.3ms)[0m  [1mINSERT INTO "movies" ("created_at", "description", "rating", "release_date", "title", "updated_at") VALUES ($1, $2, $3, $4, $5, $6) RETURNING "id"[0m  [["created_at", Sun, 04 Oct 2015 20:00:11 UTC +00:00], ["description", nil], ["rating", "R"], ["release_date", Fri, 26 Oct 1984 00:00:00 UTC +00:00], ["title", "The Terminator"], ["updated_at", Sun, 04 Oct 2015 20:00:11 UTC +00:00]]
  [1m[35m (0.3ms)[0m  COMMIT
  [1m[36m (0.0ms)[0m  [1mBEGIN[0m
  [1m[35mSQL (0.3ms)[0m  INSERT INTO "movies" ("created_at", "description", "rating", "release_date", "title", "updated_at") VALUES ($1, $2, $3, $4, $5, $6) RETURNING "id"  [["created_at", Sun, 04 Oct 2015 20:00:11 UTC +00:00], ["description", nil], ["rating", "R"], ["release_date", Fri, 21 Jul 1989 00:00:00 UTC +00:00], ["title", "When Harry Met Sally"], ["updated_at", Sun, 04 Oct 2015 20:00:11 UTC +00:00]]
  [1m[36m (0.4ms)[0m  [1mCOMMIT[0m
  [1m[35m (0.1ms)[0m  BEGIN
  [1m[36mSQL (0.4ms)[0m  [1mINSERT INTO "movies" ("created_at", "description", "rating", "release_date", "title", "updated_at") VALUES ($1, $2, $3, $4, $5, $6) RETURNING "id"[0m  [["created_at", Sun, 04 Oct 2015 20:00:11 UTC +00:00], ["description", nil], ["rating", "PG-13"], ["release_date", Wed, 10 Aug 2011 00:00:00 UTC +00:00], ["title", "The Help"], ["updated_at", Sun, 04 Oct 2015 20:00:11 UTC +00:00]]
  [1m[35m (0.5ms)[0m  COMMIT
  [1m[36m (0.2ms)[0m  [1mBEGIN[0m
  [1m[35mSQL (0.6ms)[0m  INSERT INTO "movies" ("created_at", "description", "rating", "release_date", "title", "updated_at") VALUES ($1, $2, $3, $4, $5, $6) RETURNING "id"  [["created_at", Sun, 04 Oct 2015 20:00:11 UTC +00:00], ["description", nil], ["rating", "PG-13"], ["release_date", Fri, 05 Jan 2001 00:00:00 UTC +00:00], ["title", "Chocolat"], ["updated_at", Sun, 04 Oct 2015 20:00:11 UTC +00:00]]
  [1m[36m (0.5ms)[0m  [1mCOMMIT[0m
  [1m[35m (0.1ms)[0m  BEGIN
  [1m[36mSQL (0.5ms)[0m  [1mINSERT INTO "movies" ("created_at", "description", "rating", "release_date", "title", "updated_at") VALUES ($1, $2, $3, $4, $5, $6) RETURNING "id"[0m  [["created_at", Sun, 04 Oct 2015 20:00:11 UTC +00:00], ["description", nil], ["rating", "R"], ["release_date", Wed, 25 Apr 2001 00:00:00 UTC +00:00], ["title", "Amelie"], ["updated_at", Sun, 04 Oct 2015 20:00:11 UTC +00:00]]
  [1m[35m (0.5ms)[0m  COMMIT
  [1m[36m (0.1ms)[0m  [1mBEGIN[0m
  [1m[35mSQL (0.4ms)[0m  INSERT INTO "movies" ("created_at", "description", "rating", "release_date", "title", "updated_at") VALUES ($1, $2, $3, $4, $5, $6) RETURNING "id"  [["created_at", Sun, 04 Oct 2015 20:00:11 UTC +00:00], ["description", nil], ["rating", "G"], ["release_date", Sat, 06 Apr 1968 00:00:00 UTC +00:00], ["title", "2001: A Space Odyssey"], ["updated_at", Sun, 04 Oct 2015 20:00:11 UTC +00:00]]
  [1m[36m (0.5ms)[0m  [1mCOMMIT[0m
  [1m[35m (0.1ms)[0m  BEGIN
  [1m[36mSQL (0.4ms)[0m  [1mINSERT INTO "movies" ("created_at", "description", "rating", "release_date", "title", "updated_at") VALUES ($1, $2, $3, $4, $5, $6) RETURNING "id"[0m  [["created_at", Sun, 04 Oct 2015 20:00:11 UTC +00:00], ["description", nil], ["rating", "PG"], ["release_date", Fri, 05 Nov 2004 00:00:00 UTC +00:00], ["title", "The Incredibles"], ["updated_at", Sun, 04 Oct 2015 20:00:11 UTC +00:00]]
  [1m[35m (0.5ms)[0m  COMMIT
  [1m[36m (0.1ms)[0m  [1mBEGIN[0m
  [1m[35mSQL (0.4ms)[0m  INSERT INTO "movies" ("created_at", "description", "rating", "release_date", "title", "updated_at") VALUES ($1, $2, $3, $4, $5, $6) RETURNING "id"  [["created_at", Sun, 04 Oct 2015 20:00:11 UTC +00:00], ["description", nil], ["rating", "PG"], ["release_date", Fri, 12 Jun 1981 00:00:00 UTC +00:00], ["title", "Raiders of the Lost Ark"], ["updated_at", Sun, 04 Oct 2015 20:00:11 UTC +00:00]]
  [1m[36m (0.5ms)[0m  [1mCOMMIT[0m
  [1m[35m (0.1ms)[0m  BEGIN
  [1m[36mSQL (0.4ms)[0m  [1mINSERT INTO "movies" ("created_at", "description", "rating", "release_date", "title", "updated_at") VALUES ($1, $2, $3, $4, $5, $6) RETURNING "id"[0m  [["created_at", Sun, 04 Oct 2015 20:00:11 UTC +00:00], ["description", nil], ["rating", "G"], ["release_date", Wed, 21 Jun 2000 00:00:00 UTC +00:00], ["title", "Chicken Run"], ["updated_at", Sun, 04 Oct 2015 20:00:11 UTC +00:00]]
  [1m[35m (0.5ms)[0m  COMMIT


Started GET "/" for 127.0.0.1 at 2015-10-04 13:01:33 -0700
Connecting to database specified by database.yml

ActionController::RoutingError (No route matches [GET] "/"):
  actionpack (3.2.18) lib/action_dispatch/middleware/debug_exceptions.rb:21:in `call'
  actionpack (3.2.18) lib/action_dispatch/middleware/show_exceptions.rb:56:in `call'
  railties (3.2.18) lib/rails/rack/logger.rb:32:in `call_app'
  railties (3.2.18) lib/rails/rack/logger.rb:16:in `block in call'
  activesupport (3.2.18) lib/active_support/tagged_logging.rb:22:in `tagged'
  railties (3.2.18) lib/rails/rack/logger.rb:16:in `call'
  actionpack (3.2.18) lib/action_dispatch/middleware/request_id.rb:22:in `call'
  rack (1.4.5) lib/rack/methodoverride.rb:21:in `call'
  rack (1.4.5) lib/rack/runtime.rb:17:in `call'
  activesupport (3.2.18) lib/active_support/cache/strategy/local_cache.rb:72:in `call'
  rack (1.4.5) lib/rack/lock.rb:15:in `call'
  actionpack (3.2.18) lib/action_dispatch/middleware/static.rb:63:in `call'
  railties (3.2.18) lib/rails/engine.rb:484:in `call'
  railties (3.2.18) lib/rails/application.rb:231:in `call'
  rack (1.4.5) lib/rack/content_length.rb:14:in `call'
  railties (3.2.18) lib/rails/rack/log_tailer.rb:17:in `call'
  rack (1.4.5) lib/rack/handler/webrick.rb:59:in `service'
  /usr/lib/ruby/1.9.1/webrick/httpserver.rb:138:in `service'
  /usr/lib/ruby/1.9.1/webrick/httpserver.rb:94:in `run'
  /usr/lib/ruby/1.9.1/webrick/server.rb:191:in `block in start_thread'


  Rendered /var/lib/gems/1.9.1/gems/actionpack-3.2.18/lib/action_dispatch/middleware/templates/rescues/routing_error.erb within rescues/layout (3.9ms)


Started GET "/movies" for 127.0.0.1 at 2015-10-04 13:01:43 -0700
Processing by MoviesController#index as HTML
  [1m[36mMovie Load (3.4ms)[0m  [1mSELECT "movies".* FROM "movies" WHERE "movies"."rating" IN ('G', 'PG', 'PG-13', 'NC-17', 'R')[0m
  Rendered movies/index.html.haml within layouts/application (50.0ms)
Compiled application.css  (0ms)  (pid 84599)
Compiled jquery.js  (1ms)  (pid 84599)
Compiled jquery_ujs.js  (0ms)  (pid 84599)
Compiled application.js  (18ms)  (pid 84599)
Completed 200 OK in 253.9ms (Views: 131.5ms | ActiveRecord: 12.9ms)


Started GET "/assets/application.css?body=1" for 127.0.0.1 at 2015-10-04 13:01:44 -0700
Served asset /application.css - 200 OK (1ms)


Started GET "/assets/jquery_ujs.js?body=1" for 127.0.0.1 at 2015-10-04 13:01:44 -0700
Served asset /jquery_ujs.js - 200 OK (1ms)


Started GET "/assets/jquery.js?body=1" for 127.0.0.1 at 2015-10-04 13:01:44 -0700
Served asset /jquery.js - 200 OK (88ms)


Started GET "/assets/application.js?body=1" for 127.0.0.1 at 2015-10-04 13:01:44 -0700
Served asset /application.js - 200 OK (2ms)
Connecting to database specified by database.yml
Connecting to database specified by database.yml
Connecting to database specified by database.yml
Connecting to database specified by database.yml


Started GET "/movies" for 127.0.0.1 at 2015-10-04 14:00:21 -0700
Processing by MoviesController#index as HTML
  [1m[35mMovie Load (2.8ms)[0m  SELECT "movies".* FROM "movies" WHERE "movies"."rating" IN ('G', 'PG', 'PG-13', 'NC-17', 'R')
  Rendered movies/index.html.haml within layouts/application (136.6ms)
Completed 200 OK in 591.3ms (Views: 277.1ms | ActiveRecord: 71.4ms)


Started GET "/assets/application.css?body=1" for 127.0.0.1 at 2015-10-04 14:00:23 -0700
Served asset /application.css - 304 Not Modified (33ms)


Started GET "/assets/jquery.js?body=1" for 127.0.0.1 at 2015-10-04 14:00:23 -0700
Served asset /jquery.js - 304 Not Modified (3ms)


Started GET "/assets/application.js?body=1" for 127.0.0.1 at 2015-10-04 14:00:23 -0700
Served asset /application.js - 304 Not Modified (16ms)


Started GET "/assets/jquery_ujs.js?body=1" for 127.0.0.1 at 2015-10-04 14:00:23 -0700
Served asset /jquery_ujs.js - 304 Not Modified (0ms)


Started GET "/movies/10" for 127.0.0.1 at 2015-10-04 14:00:26 -0700
Processing by MoviesController#show as HTML
  Parameters: {"id"=>"10"}
  [1m[36mMovie Load (23.9ms)[0m  [1mSELECT "movies".* FROM "movies" WHERE "movies"."id" = $1 LIMIT 1[0m  [["id", "10"]]
  Rendered movies/show.html.haml within layouts/application (920.6ms)
Completed 500 Internal Server Error in 1056.8ms

ActionView::Template::Error (undefined method `movie_similar_path' for #<#<Class:0x007ff13c2e2ba8>:0x007ff14c7fc278>):
    16: 
    17: = link_to 'Edit', edit_movie_path(@movie)
    18: = button_to 'Delete', movie_path(@movie), :method => :delete, :confirm => 'Are you sure?'
    19: = link_to 'Find Movies With Same Director', movie_similar_path(@movie)
    20: = link_to 'Back to movie list', movies_path
  app/views/movies/show.html.haml:19:in `_app_views_movies_show_html_haml___2009129354241058790_70337173641080'


  Rendered /var/lib/gems/1.9.1/gems/actionpack-3.2.18/lib/action_dispatch/middleware/templates/rescues/_trace.erb (6.5ms)
  Rendered /var/lib/gems/1.9.1/gems/actionpack-3.2.18/lib/action_dispatch/middleware/templates/rescues/_request_and_response.erb (3.8ms)
  Rendered /var/lib/gems/1.9.1/gems/actionpack-3.2.18/lib/action_dispatch/middleware/templates/rescues/template_error.erb within rescues/layout (18.8ms)


Started GET "/movies/new" for 127.0.0.1 at 2015-10-04 14:00:41 -0700
Processing by MoviesController#new as HTML
  Rendered movies/new.html.haml within layouts/application (46.2ms)
Completed 200 OK in 51.1ms (Views: 50.8ms | ActiveRecord: 0.0ms)


Started GET "/assets/application.css?body=1" for 127.0.0.1 at 2015-10-04 14:00:41 -0700
Served asset /application.css - 304 Not Modified (0ms)


Started GET "/assets/jquery.js?body=1" for 127.0.0.1 at 2015-10-04 14:00:41 -0700
Served asset /jquery.js - 304 Not Modified (0ms)


Started GET "/assets/application.js?body=1" for 127.0.0.1 at 2015-10-04 14:00:41 -0700
Served asset /application.js - 304 Not Modified (0ms)


Started GET "/assets/jquery_ujs.js?body=1" for 127.0.0.1 at 2015-10-04 14:00:41 -0700
Served asset /jquery_ujs.js - 304 Not Modified (0ms)


Started GET "/movies?ratings%5BG%5D=G&ratings%5BNC-17%5D=NC-17&ratings%5BPG%5D=PG&ratings%5BPG-13%5D=PG-13&ratings%5BR%5D=R&sort=title" for 127.0.0.1 at 2015-10-04 14:00:46 -0700
Processing by MoviesController#index as HTML
  Parameters: {"ratings"=>{"G"=>"G", "NC-17"=>"NC-17", "PG"=>"PG", "PG-13"=>"PG-13", "R"=>"R"}, "sort"=>"title"}
Redirected to http://localhost:3000/movies?ratings%5BG%5D=G&ratings%5BNC-17%5D=NC-17&ratings%5BPG%5D=PG&ratings%5BPG-13%5D=PG-13&ratings%5BR%5D=R&sort=title
Completed 302 Found in 1.0ms (ActiveRecord: 0.0ms)


Started GET "/movies?ratings%5BG%5D=G&ratings%5BNC-17%5D=NC-17&ratings%5BPG%5D=PG&ratings%5BPG-13%5D=PG-13&ratings%5BR%5D=R&sort=title" for 127.0.0.1 at 2015-10-04 14:00:46 -0700
Processing by MoviesController#index as HTML
  Parameters: {"ratings"=>{"G"=>"G", "NC-17"=>"NC-17", "PG"=>"PG", "PG-13"=>"PG-13", "R"=>"R"}, "sort"=>"title"}
Redirected to http://localhost:3000/movies?ratings%5BG%5D=G&ratings%5BNC-17%5D=NC-17&ratings%5BPG%5D=PG&ratings%5BPG-13%5D=PG-13&ratings%5BR%5D=R&sort=title
Completed 302 Found in 1.3ms (ActiveRecord: 0.0ms)


Started GET "/movies?ratings%5BG%5D=G&ratings%5BNC-17%5D=NC-17&ratings%5BPG%5D=PG&ratings%5BPG-13%5D=PG-13&ratings%5BR%5D=R&sort=title" for 127.0.0.1 at 2015-10-04 14:00:46 -0700
Processing by MoviesController#index as HTML
  Parameters: {"ratings"=>{"G"=>"G", "NC-17"=>"NC-17", "PG"=>"PG", "PG-13"=>"PG-13", "R"=>"R"}, "sort"=>"title"}
  [1m[35mMovie Load (11.4ms)[0m  SELECT "movies".* FROM "movies" WHERE "movies"."rating" IN ('G', 'NC-17', 'PG', 'PG-13', 'R') ORDER BY title
  Rendered movies/index.html.haml within layouts/application (3.7ms)
Completed 200 OK in 19.5ms (Views: 6.2ms | ActiveRecord: 11.4ms)


Started GET "/assets/application.css?body=1" for 127.0.0.1 at 2015-10-04 14:00:46 -0700
Served asset /application.css - 304 Not Modified (0ms)


Started GET "/assets/jquery.js?body=1" for 127.0.0.1 at 2015-10-04 14:00:46 -0700
Served asset /jquery.js - 304 Not Modified (0ms)


Started GET "/assets/application.js?body=1" for 127.0.0.1 at 2015-10-04 14:00:46 -0700
Served asset /application.js - 304 Not Modified (2ms)


Started GET "/assets/jquery_ujs.js?body=1" for 127.0.0.1 at 2015-10-04 14:00:46 -0700
Served asset /jquery_ujs.js - 304 Not Modified (2ms)


Started GET "/movies?ratings%5BG%5D=G&ratings%5BNC-17%5D=NC-17&ratings%5BPG%5D=PG&ratings%5BPG-13%5D=PG-13&ratings%5BR%5D=R&sort=release_date" for 127.0.0.1 at 2015-10-04 14:00:50 -0700
Processing by MoviesController#index as HTML
  Parameters: {"ratings"=>{"G"=>"G", "NC-17"=>"NC-17", "PG"=>"PG", "PG-13"=>"PG-13", "R"=>"R"}, "sort"=>"release_date"}
Redirected to http://localhost:3000/movies?ratings%5BG%5D=G&ratings%5BNC-17%5D=NC-17&ratings%5BPG%5D=PG&ratings%5BPG-13%5D=PG-13&ratings%5BR%5D=R&sort=release_date
Completed 302 Found in 0.6ms (ActiveRecord: 0.0ms)


Started GET "/movies?ratings%5BG%5D=G&ratings%5BNC-17%5D=NC-17&ratings%5BPG%5D=PG&ratings%5BPG-13%5D=PG-13&ratings%5BR%5D=R&sort=release_date" for 127.0.0.1 at 2015-10-04 14:00:50 -0700
Processing by MoviesController#index as HTML
  Parameters: {"ratings"=>{"G"=>"G", "NC-17"=>"NC-17", "PG"=>"PG", "PG-13"=>"PG-13", "R"=>"R"}, "sort"=>"release_date"}
  [1m[36mMovie Load (13.6ms)[0m  [1mSELECT "movies".* FROM "movies" WHERE "movies"."rating" IN ('G', 'NC-17', 'PG', 'PG-13', 'R') ORDER BY release_date[0m
  Rendered movies/index.html.haml within layouts/application (16.8ms)
Completed 200 OK in 36.3ms (Views: 20.6ms | ActiveRecord: 13.6ms)


Started GET "/assets/application.css?body=1" for 127.0.0.1 at 2015-10-04 14:00:50 -0700
Served asset /application.css - 304 Not Modified (0ms)


Started GET "/assets/jquery.js?body=1" for 127.0.0.1 at 2015-10-04 14:00:50 -0700
Served asset /jquery.js - 304 Not Modified (0ms)


Started GET "/assets/application.js?body=1" for 127.0.0.1 at 2015-10-04 14:00:50 -0700
Served asset /application.js - 304 Not Modified (1ms)


Started GET "/assets/jquery_ujs.js?body=1" for 127.0.0.1 at 2015-10-04 14:00:50 -0700
Served asset /jquery_ujs.js - 304 Not Modified (0ms)


Started GET "/movies/4" for 127.0.0.1 at 2015-10-04 14:00:53 -0700
Processing by MoviesController#show as HTML
  Parameters: {"id"=>"4"}
  [1m[35mMovie Load (0.8ms)[0m  SELECT "movies".* FROM "movies" WHERE "movies"."id" = $1 LIMIT 1  [["id", "4"]]
  Rendered movies/show.html.haml within layouts/application (23.0ms)
Completed 500 Internal Server Error in 25.9ms

ActionView::Template::Error (undefined method `movie_similar_path' for #<#<Class:0x007ff13c2e2ba8>:0x007ff13c3a95c8>):
    16: 
    17: = link_to 'Edit', edit_movie_path(@movie)
    18: = button_to 'Delete', movie_path(@movie), :method => :delete, :confirm => 'Are you sure?'
    19: = link_to 'Find Movies With Same Director', movie_similar_path(@movie)
    20: = link_to 'Back to movie list', movies_path
  app/views/movies/show.html.haml:19:in `_app_views_movies_show_html_haml___2009129354241058790_70337173641080'


  Rendered /var/lib/gems/1.9.1/gems/actionpack-3.2.18/lib/action_dispatch/middleware/templates/rescues/_trace.erb (1.0ms)
  Rendered /var/lib/gems/1.9.1/gems/actionpack-3.2.18/lib/action_dispatch/middleware/templates/rescues/_request_and_response.erb (0.8ms)
  Rendered /var/lib/gems/1.9.1/gems/actionpack-3.2.18/lib/action_dispatch/middleware/templates/rescues/template_error.erb within rescues/layout (6.7ms)


Started GET "/movies" for 127.0.0.1 at 2015-10-04 14:01:41 -0700
Connecting to database specified by database.yml
Processing by MoviesController#index as HTML
  [1m[36mMovie Load (3.4ms)[0m  [1mSELECT "movies".* FROM "movies" WHERE "movies"."rating" IN ('G', 'PG', 'PG-13', 'NC-17', 'R')[0m
  Rendered movies/index.html.haml within layouts/application (70.8ms)
Completed 200 OK in 457.4ms (Views: 203.2ms | ActiveRecord: 60.4ms)


Started GET "/assets/application.css?body=1" for 127.0.0.1 at 2015-10-04 14:01:42 -0700
Served asset /application.css - 200 OK (1ms)


Started GET "/assets/jquery.js?body=1" for 127.0.0.1 at 2015-10-04 14:01:42 -0700
Served asset /jquery.js - 200 OK (7ms)


Started GET "/assets/application.js?body=1" for 127.0.0.1 at 2015-10-04 14:01:42 -0700
Served asset /application.js - 200 OK (12ms)


Started GET "/assets/jquery_ujs.js?body=1" for 127.0.0.1 at 2015-10-04 14:01:42 -0700
Served asset /jquery_ujs.js - 200 OK (5ms)


Started GET "/movies/1" for 127.0.0.1 at 2015-10-04 14:01:45 -0700
Processing by MoviesController#show as HTML
  Parameters: {"id"=>"1"}
  [1m[35mMovie Load (4.2ms)[0m  SELECT "movies".* FROM "movies" WHERE "movies"."id" = $1 LIMIT 1  [["id", "1"]]
  Rendered movies/show.html.haml within layouts/application (106.2ms)
Completed 500 Internal Server Error in 122.5ms

ActionView::Template::Error (undefined method `movie_similar_path' for #<#<Class:0x00000005115328>:0x000000051c9710>):
    16: 
    17: = link_to 'Edit', edit_movie_path(@movie)
    18: = button_to 'Delete', movie_path(@movie), :method => :delete, :confirm => 'Are you sure?'
    19: = link_to 'Find Movies With Same Director', movie_similar_path(@movie)
    20: = link_to 'Back to movie list', movies_path
  app/views/movies/show.html.haml:19:in `_app_views_movies_show_html_haml___3960676703034707081_42893780'


  Rendered /var/lib/gems/1.9.1/gems/actionpack-3.2.18/lib/action_dispatch/middleware/templates/rescues/_trace.erb (0.9ms)
  Rendered /var/lib/gems/1.9.1/gems/actionpack-3.2.18/lib/action_dispatch/middleware/templates/rescues/_request_and_response.erb (2.0ms)
  Rendered /var/lib/gems/1.9.1/gems/actionpack-3.2.18/lib/action_dispatch/middleware/templates/rescues/template_error.erb within rescues/layout (7.9ms)


Started GET "/movies/1" for 127.0.0.1 at 2015-10-04 14:02:24 -0700
Processing by MoviesController#show as HTML
  Parameters: {"id"=>"1"}
  [1m[36mMovie Load (3.9ms)[0m  [1mSELECT "movies".* FROM "movies" WHERE "movies"."id" = $1 LIMIT 1[0m  [["id", "1"]]
  Rendered movies/show.html.haml within layouts/application (8.1ms)
Completed 200 OK in 32.6ms (Views: 27.5ms | ActiveRecord: 3.9ms)


Started GET "/assets/application.css?body=1" for 127.0.0.1 at 2015-10-04 14:02:24 -0700
Served asset /application.css - 304 Not Modified (0ms)


Started GET "/assets/jquery.js?body=1" for 127.0.0.1 at 2015-10-04 14:02:24 -0700
Served asset /jquery.js - 304 Not Modified (0ms)


Started GET "/assets/jquery_ujs.js?body=1" for 127.0.0.1 at 2015-10-04 14:02:24 -0700
Served asset /jquery_ujs.js - 304 Not Modified (0ms)


Started GET "/assets/application.js?body=1" for 127.0.0.1 at 2015-10-04 14:02:24 -0700
Served asset /application.js - 304 Not Modified (4ms)


Started GET "/movies/1/similar" for 127.0.0.1 at 2015-10-04 14:04:05 -0700

AbstractController::ActionNotFound (The action 'simiar' could not be found for MoviesController):
  actionpack (3.2.18) lib/abstract_controller/base.rb:116:in `process'
  actionpack (3.2.18) lib/abstract_controller/rendering.rb:45:in `process'
  actionpack (3.2.18) lib/action_controller/metal.rb:203:in `dispatch'
  actionpack (3.2.18) lib/action_controller/metal/rack_delegation.rb:14:in `dispatch'
  actionpack (3.2.18) lib/action_controller/metal.rb:246:in `block in action'
  actionpack (3.2.18) lib/action_dispatch/routing/route_set.rb:73:in `call'
  actionpack (3.2.18) lib/action_dispatch/routing/route_set.rb:73:in `dispatch'
  actionpack (3.2.18) lib/action_dispatch/routing/route_set.rb:36:in `call'
  journey (1.0.4) lib/journey/router.rb:68:in `block in call'
  journey (1.0.4) lib/journey/router.rb:56:in `each'
  journey (1.0.4) lib/journey/router.rb:56:in `call'
  actionpack (3.2.18) lib/action_dispatch/routing/route_set.rb:608:in `call'
  actionpack (3.2.18) lib/action_dispatch/middleware/best_standards_support.rb:17:in `call'
  rack (1.4.5) lib/rack/etag.rb:23:in `call'
  rack (1.4.5) lib/rack/conditionalget.rb:25:in `call'
  actionpack (3.2.18) lib/action_dispatch/middleware/head.rb:14:in `call'
  actionpack (3.2.18) lib/action_dispatch/middleware/params_parser.rb:21:in `call'
  actionpack (3.2.18) lib/action_dispatch/middleware/flash.rb:242:in `call'
  rack (1.4.5) lib/rack/session/abstract/id.rb:210:in `context'
  rack (1.4.5) lib/rack/session/abstract/id.rb:205:in `call'
  actionpack (3.2.18) lib/action_dispatch/middleware/cookies.rb:341:in `call'
  activerecord (3.2.18) lib/active_record/query_cache.rb:64:in `call'
  activerecord (3.2.18) lib/active_record/connection_adapters/abstract/connection_pool.rb:479:in `call'
  actionpack (3.2.18) lib/action_dispatch/middleware/callbacks.rb:28:in `block in call'
  activesupport (3.2.18) lib/active_support/callbacks.rb:405:in `_run__508668969758072174__call__1401530227725393146__callbacks'
  activesupport (3.2.18) lib/active_support/callbacks.rb:405:in `__run_callback'
  activesupport (3.2.18) lib/active_support/callbacks.rb:385:in `_run_call_callbacks'
  activesupport (3.2.18) lib/active_support/callbacks.rb:81:in `run_callbacks'
  actionpack (3.2.18) lib/action_dispatch/middleware/callbacks.rb:27:in `call'
  actionpack (3.2.18) lib/action_dispatch/middleware/reloader.rb:65:in `call'
  actionpack (3.2.18) lib/action_dispatch/middleware/remote_ip.rb:31:in `call'
  actionpack (3.2.18) lib/action_dispatch/middleware/debug_exceptions.rb:16:in `call'
  actionpack (3.2.18) lib/action_dispatch/middleware/show_exceptions.rb:56:in `call'
  railties (3.2.18) lib/rails/rack/logger.rb:32:in `call_app'
  railties (3.2.18) lib/rails/rack/logger.rb:16:in `block in call'
  activesupport (3.2.18) lib/active_support/tagged_logging.rb:22:in `tagged'
  railties (3.2.18) lib/rails/rack/logger.rb:16:in `call'
  actionpack (3.2.18) lib/action_dispatch/middleware/request_id.rb:22:in `call'
  rack (1.4.5) lib/rack/methodoverride.rb:21:in `call'
  rack (1.4.5) lib/rack/runtime.rb:17:in `call'
  activesupport (3.2.18) lib/active_support/cache/strategy/local_cache.rb:72:in `call'
  rack (1.4.5) lib/rack/lock.rb:15:in `call'
  actionpack (3.2.18) lib/action_dispatch/middleware/static.rb:63:in `call'
  railties (3.2.18) lib/rails/engine.rb:484:in `call'
  railties (3.2.18) lib/rails/application.rb:231:in `call'
  rack (1.4.5) lib/rack/content_length.rb:14:in `call'
  railties (3.2.18) lib/rails/rack/log_tailer.rb:17:in `call'
  rack (1.4.5) lib/rack/handler/webrick.rb:59:in `service'
  /usr/lib/ruby/1.9.1/webrick/httpserver.rb:138:in `service'
  /usr/lib/ruby/1.9.1/webrick/httpserver.rb:94:in `run'
  /usr/lib/ruby/1.9.1/webrick/server.rb:191:in `block in start_thread'


  Rendered /var/lib/gems/1.9.1/gems/actionpack-3.2.18/lib/action_dispatch/middleware/templates/rescues/unknown_action.erb within rescues/layout (1.4ms)
Connecting to database specified by database.yml


Started GET "/movies/1/similar" for 127.0.0.1 at 2015-10-04 14:05:10 -0700
Processing by MoviesController#similar as HTML
  Parameters: {"id"=>"1"}
Completed 500 Internal Server Error in 4.5ms

NoMethodError (undefined method `fine' for #<Class:0x000000050c74e8>):
  app/controllers/movies_controller.rb:69:in `similar'


  Rendered /var/lib/gems/1.9.1/gems/actionpack-3.2.18/lib/action_dispatch/middleware/templates/rescues/_trace.erb (1.6ms)
  Rendered /var/lib/gems/1.9.1/gems/actionpack-3.2.18/lib/action_dispatch/middleware/templates/rescues/_request_and_response.erb (0.9ms)
  Rendered /var/lib/gems/1.9.1/gems/actionpack-3.2.18/lib/action_dispatch/middleware/templates/rescues/diagnostics.erb within rescues/layout (7.9ms)


Started GET "/movies/1/similar" for 127.0.0.1 at 2015-10-04 14:05:33 -0700
Processing by MoviesController#similar as HTML
  Parameters: {"id"=>"1"}
Completed 404 Not Found in 0.8ms

ActiveRecord::RecordNotFound (Couldn't find Movie without an ID):
  app/controllers/movies_controller.rb:69:in `similar'


  Rendered /var/lib/gems/1.9.1/gems/actionpack-3.2.18/lib/action_dispatch/middleware/templates/rescues/_trace.erb (0.7ms)
  Rendered /var/lib/gems/1.9.1/gems/actionpack-3.2.18/lib/action_dispatch/middleware/templates/rescues/_request_and_response.erb (0.7ms)
  Rendered /var/lib/gems/1.9.1/gems/actionpack-3.2.18/lib/action_dispatch/middleware/templates/rescues/diagnostics.erb within rescues/layout (5.3ms)


Started GET "/movies/1/similar" for 127.0.0.1 at 2015-10-04 14:07:47 -0700
Processing by MoviesController#similar as HTML
  Parameters: {"id"=>"1"}
  [1m[35mMovie Load (2.0ms)[0m  SELECT "movies".* FROM "movies" WHERE "movies"."id" = $1 LIMIT 1  [["id", "1"]]
Completed 500 Internal Server Error in 26.5ms

NoMethodError (undefined method `director' for #<Movie:0x000000052bbc40>):
  app/controllers/movies_controller.rb:70:in `similar'


  Rendered /var/lib/gems/1.9.1/gems/actionpack-3.2.18/lib/action_dispatch/middleware/templates/rescues/_trace.erb (0.8ms)
  Rendered /var/lib/gems/1.9.1/gems/actionpack-3.2.18/lib/action_dispatch/middleware/templates/rescues/_request_and_response.erb (0.7ms)
  Rendered /var/lib/gems/1.9.1/gems/actionpack-3.2.18/lib/action_dispatch/middleware/templates/rescues/diagnostics.erb within rescues/layout (6.8ms)


Started GET "/movies/1/similar" for 127.0.0.1 at 2015-10-04 14:08:45 -0700
Processing by MoviesController#similar as HTML
  Parameters: {"id"=>"1"}
  [1m[36mMovie Load (0.2ms)[0m  [1mSELECT "movies".* FROM "movies" WHERE "movies"."id" = $1 LIMIT 1[0m  [["id", "1"]]
Completed 500 Internal Server Error in 7.4ms

NoMethodError (undefined method `director' for #<Movie:0x00000004f90db8>):
  app/controllers/movies_controller.rb:70:in `similar'


  Rendered /var/lib/gems/1.9.1/gems/actionpack-3.2.18/lib/action_dispatch/middleware/templates/rescues/_trace.erb (0.7ms)
  Rendered /var/lib/gems/1.9.1/gems/actionpack-3.2.18/lib/action_dispatch/middleware/templates/rescues/_request_and_response.erb (2.2ms)
  Rendered /var/lib/gems/1.9.1/gems/actionpack-3.2.18/lib/action_dispatch/middleware/templates/rescues/diagnostics.erb within rescues/layout (7.0ms)


Started GET "/movies/1/similar" for 127.0.0.1 at 2015-10-04 14:08:49 -0700
Processing by MoviesController#similar as HTML
  Parameters: {"id"=>"1"}
  [1m[35mMovie Load (2.3ms)[0m  SELECT "movies".* FROM "movies" WHERE "movies"."id" = $1 LIMIT 1  [["id", "1"]]
Completed 500 Internal Server Error in 3.5ms

NoMethodError (undefined method `director' for #<Movie:0x00000005157520>):
  app/controllers/movies_controller.rb:70:in `similar'


  Rendered /var/lib/gems/1.9.1/gems/actionpack-3.2.18/lib/action_dispatch/middleware/templates/rescues/_trace.erb (1.6ms)
  Rendered /var/lib/gems/1.9.1/gems/actionpack-3.2.18/lib/action_dispatch/middleware/templates/rescues/_request_and_response.erb (0.7ms)
  Rendered /var/lib/gems/1.9.1/gems/actionpack-3.2.18/lib/action_dispatch/middleware/templates/rescues/diagnostics.erb within rescues/layout (9.7ms)
Connecting to database specified by database.yml
Connecting to database specified by database.yml
  [1m[36m (3.1ms)[0m  [1mSELECT "schema_migrations"."version" FROM "schema_migrations" [0m
Migrating to CreateMovies (20111119180638)
Migrating to AddDirector (20151004211304)
  [1m[35m (0.1ms)[0m  BEGIN
  [1m[36m (21.8ms)[0m  [1mALTER TABLE "movies" ADD COLUMN "director" character varying(255)[0m
  [1m[35m (5.1ms)[0m  INSERT INTO "schema_migrations" ("version") VALUES ('20151004211304')
  [1m[36m (11.8ms)[0m  [1mCOMMIT[0m
  [1m[35m (0.1ms)[0m  SELECT "schema_migrations"."version" FROM "schema_migrations" 


Started GET "/movies/1/similar" for 127.0.0.1 at 2015-10-04 14:15:27 -0700
Processing by MoviesController#similar as HTML
  Parameters: {"id"=>"1"}
  [1m[36mMovie Load (7.9ms)[0m  [1mSELECT "movies".* FROM "movies" WHERE "movies"."id" = $1 LIMIT 1[0m  [["id", "1"]]
Redirected to http://localhost:3000/movies
Completed 302 Found in 16.3ms (ActiveRecord: 9.2ms)


Started GET "/movies" for 127.0.0.1 at 2015-10-04 14:15:27 -0700
Processing by MoviesController#index as HTML
  [1m[35mMovie Load (3.4ms)[0m  SELECT "movies".* FROM "movies" WHERE "movies"."rating" IN ('G', 'PG', 'PG-13', 'NC-17', 'R')
  Rendered movies/index.html.haml within layouts/application (6.1ms)
Completed 200 OK in 27.0ms (Views: 22.1ms | ActiveRecord: 3.4ms)


Started GET "/assets/application.css?body=1" for 127.0.0.1 at 2015-10-04 14:15:28 -0700
Served asset /application.css - 304 Not Modified (0ms)


Started GET "/assets/jquery.js?body=1" for 127.0.0.1 at 2015-10-04 14:15:28 -0700
Served asset /jquery.js - 304 Not Modified (0ms)


Started GET "/assets/jquery_ujs.js?body=1" for 127.0.0.1 at 2015-10-04 14:15:28 -0700
Served asset /jquery_ujs.js - 304 Not Modified (0ms)


Started GET "/assets/application.js?body=1" for 127.0.0.1 at 2015-10-04 14:15:28 -0700
Served asset /application.js - 304 Not Modified (0ms)


Started GET "/movies/10" for 127.0.0.1 at 2015-10-04 14:15:34 -0700
Processing by MoviesController#show as HTML
  Parameters: {"id"=>"10"}
  [1m[36mMovie Load (0.3ms)[0m  [1mSELECT "movies".* FROM "movies" WHERE "movies"."id" = $1 LIMIT 1[0m  [["id", "10"]]
  Rendered movies/show.html.haml within layouts/application (1.4ms)
Completed 200 OK in 10.6ms (Views: 8.7ms | ActiveRecord: 0.3ms)


Started GET "/assets/application.css?body=1" for 127.0.0.1 at 2015-10-04 14:15:34 -0700
Served asset /application.css - 304 Not Modified (0ms)


Started GET "/assets/jquery.js?body=1" for 127.0.0.1 at 2015-10-04 14:15:34 -0700
Served asset /jquery.js - 304 Not Modified (0ms)


Started GET "/assets/application.js?body=1" for 127.0.0.1 at 2015-10-04 14:15:34 -0700
Served asset /application.js - 304 Not Modified (0ms)


Started GET "/assets/jquery_ujs.js?body=1" for 127.0.0.1 at 2015-10-04 14:15:34 -0700
Served asset /jquery_ujs.js - 304 Not Modified (0ms)


Started GET "/movies/10/similar" for 127.0.0.1 at 2015-10-04 14:15:38 -0700
Processing by MoviesController#similar as HTML
  Parameters: {"id"=>"10"}
  [1m[35mMovie Load (3.9ms)[0m  SELECT "movies".* FROM "movies" WHERE "movies"."id" = $1 LIMIT 1  [["id", "10"]]
Redirected to http://localhost:3000/movies
Completed 302 Found in 6.4ms (ActiveRecord: 3.9ms)


Started GET "/movies" for 127.0.0.1 at 2015-10-04 14:15:38 -0700
Processing by MoviesController#index as HTML
  [1m[36mMovie Load (0.3ms)[0m  [1mSELECT "movies".* FROM "movies" WHERE "movies"."rating" IN ('G', 'PG', 'PG-13', 'NC-17', 'R')[0m
  Rendered movies/index.html.haml within layouts/application (7.0ms)
Completed 200 OK in 66.6ms (Views: 65.3ms | ActiveRecord: 0.3ms)


Started GET "/assets/application.css?body=1" for 127.0.0.1 at 2015-10-04 14:15:38 -0700
Served asset /application.css - 304 Not Modified (2ms)


Started GET "/assets/jquery.js?body=1" for 127.0.0.1 at 2015-10-04 14:15:38 -0700
Served asset /jquery.js - 304 Not Modified (1ms)


Started GET "/assets/application.js?body=1" for 127.0.0.1 at 2015-10-04 14:15:38 -0700
Served asset /application.js - 304 Not Modified (1ms)


Started GET "/assets/jquery_ujs.js?body=1" for 127.0.0.1 at 2015-10-04 14:15:38 -0700
Served asset /jquery_ujs.js - 304 Not Modified (0ms)


Started GET "/movies/10" for 127.0.0.1 at 2015-10-04 14:15:45 -0700
Processing by MoviesController#show as HTML
  Parameters: {"id"=>"10"}
  [1m[35mMovie Load (1.1ms)[0m  SELECT "movies".* FROM "movies" WHERE "movies"."id" = $1 LIMIT 1  [["id", "10"]]
  Rendered movies/show.html.haml within layouts/application (1.1ms)
Completed 200 OK in 9.9ms (Views: 7.8ms | ActiveRecord: 1.1ms)


Started GET "/assets/application.css?body=1" for 127.0.0.1 at 2015-10-04 14:15:45 -0700
Served asset /application.css - 304 Not Modified (0ms)


Started GET "/assets/jquery.js?body=1" for 127.0.0.1 at 2015-10-04 14:15:45 -0700
Served asset /jquery.js - 304 Not Modified (0ms)


Started GET "/assets/application.js?body=1" for 127.0.0.1 at 2015-10-04 14:15:45 -0700
Served asset /application.js - 304 Not Modified (0ms)


Started GET "/assets/jquery_ujs.js?body=1" for 127.0.0.1 at 2015-10-04 14:15:45 -0700
Served asset /jquery_ujs.js - 304 Not Modified (0ms)


Started GET "/movies/10/edit" for 127.0.0.1 at 2015-10-04 14:16:57 -0700
Processing by MoviesController#edit as HTML
  Parameters: {"id"=>"10"}
  [1m[36mMovie Load (1.0ms)[0m  [1mSELECT "movies".* FROM "movies" WHERE "movies"."id" = $1 LIMIT 1[0m  [["id", "10"]]
  Rendered movies/edit.html.haml within layouts/application (30.7ms)
Completed 200 OK in 36.6ms (Views: 34.4ms | ActiveRecord: 1.0ms)


Started GET "/assets/application.css?body=1" for 127.0.0.1 at 2015-10-04 14:16:57 -0700
Served asset /application.css - 304 Not Modified (0ms)


Started GET "/assets/jquery.js?body=1" for 127.0.0.1 at 2015-10-04 14:16:57 -0700
Served asset /jquery.js - 304 Not Modified (0ms)


Started GET "/assets/jquery_ujs.js?body=1" for 127.0.0.1 at 2015-10-04 14:16:57 -0700
Served asset /jquery_ujs.js - 304 Not Modified (0ms)


Started GET "/assets/application.js?body=1" for 127.0.0.1 at 2015-10-04 14:16:57 -0700
Served asset /application.js - 304 Not Modified (0ms)


Started PUT "/movies/10" for 127.0.0.1 at 2015-10-04 14:17:10 -0700
Processing by MoviesController#update as HTML
  Parameters: {"utf8"=>"✓", "authenticity_token"=>"75+R1eUacZxGII5Aa3Zf/sBa+7Tg3uHnj5haFBdzZFc=", "movie"=>{"title"=>"Chicken Run", "director"=>"", "rating"=>"G", "release_date(1i)"=>"2000", "release_date(2i)"=>"6", "release_date(3i)"=>"21"}, "commit"=>"Update Movie Info", "id"=>"10"}
  [1m[35mMovie Load (1.2ms)[0m  SELECT "movies".* FROM "movies" WHERE "movies"."id" = $1 LIMIT 1  [["id", "10"]]
  [1m[36m (2.0ms)[0m  [1mBEGIN[0m
WARNING: Can't mass-assign protected attributes: title, director, rating, release_date(1i), release_date(2i), release_date(3i)
  [1m[35m (1.1ms)[0m  COMMIT
Redirected to http://localhost:3000/movies/10
Completed 302 Found in 23.4ms (ActiveRecord: 4.2ms)


Started GET "/movies/10" for 127.0.0.1 at 2015-10-04 14:17:10 -0700
Processing by MoviesController#show as HTML
  Parameters: {"id"=>"10"}
  [1m[36mMovie Load (0.2ms)[0m  [1mSELECT "movies".* FROM "movies" WHERE "movies"."id" = $1 LIMIT 1[0m  [["id", "10"]]
  Rendered movies/show.html.haml within layouts/application (1.1ms)
Completed 200 OK in 6.8ms (Views: 5.7ms | ActiveRecord: 0.2ms)


Started GET "/assets/application.css?body=1" for 127.0.0.1 at 2015-10-04 14:17:10 -0700
Served asset /application.css - 304 Not Modified (0ms)


Started GET "/assets/jquery.js?body=1" for 127.0.0.1 at 2015-10-04 14:17:10 -0700
Served asset /jquery.js - 304 Not Modified (1ms)


Started GET "/assets/jquery_ujs.js?body=1" for 127.0.0.1 at 2015-10-04 14:17:10 -0700
Served asset /jquery_ujs.js - 304 Not Modified (0ms)


Started GET "/assets/application.js?body=1" for 127.0.0.1 at 2015-10-04 14:17:10 -0700
Served asset /application.js - 304 Not Modified (0ms)


Started GET "/movies/10/similar" for 127.0.0.1 at 2015-10-04 14:17:44 -0700
Processing by MoviesController#similar as HTML
  Parameters: {"id"=>"10"}
  [1m[35mMovie Load (1.7ms)[0m  SELECT "movies".* FROM "movies" WHERE "movies"."id" = $1 LIMIT 1  [["id", "10"]]
Redirected to http://localhost:3000/movies
Completed 302 Found in 3.0ms (ActiveRecord: 1.7ms)


Started GET "/movies" for 127.0.0.1 at 2015-10-04 14:17:44 -0700
Processing by MoviesController#index as HTML
  [1m[36mMovie Load (0.9ms)[0m  [1mSELECT "movies".* FROM "movies" WHERE "movies"."rating" IN ('G', 'PG', 'PG-13', 'NC-17', 'R')[0m
  Rendered movies/index.html.haml within layouts/application (3.3ms)
Completed 200 OK in 9.6ms (Views: 6.6ms | ActiveRecord: 0.9ms)


Started GET "/assets/application.css?body=1" for 127.0.0.1 at 2015-10-04 14:17:44 -0700
Served asset /application.css - 304 Not Modified (0ms)


Started GET "/assets/jquery.js?body=1" for 127.0.0.1 at 2015-10-04 14:17:44 -0700
Served asset /jquery.js - 304 Not Modified (0ms)


Started GET "/assets/application.js?body=1" for 127.0.0.1 at 2015-10-04 14:17:44 -0700
Served asset /application.js - 304 Not Modified (0ms)


Started GET "/assets/jquery_ujs.js?body=1" for 127.0.0.1 at 2015-10-04 14:17:44 -0700
Served asset /jquery_ujs.js - 304 Not Modified (0ms)


Started GET "/movies/10" for 127.0.0.1 at 2015-10-04 14:17:48 -0700
Processing by MoviesController#show as HTML
  Parameters: {"id"=>"10"}
  [1m[35mMovie Load (4.0ms)[0m  SELECT "movies".* FROM "movies" WHERE "movies"."id" = $1 LIMIT 1  [["id", "10"]]
  Rendered movies/show.html.haml within layouts/application (4.4ms)
Completed 200 OK in 18.1ms (Views: 12.9ms | ActiveRecord: 4.0ms)


Started GET "/assets/application.css?body=1" for 127.0.0.1 at 2015-10-04 14:17:48 -0700
Served asset /application.css - 304 Not Modified (0ms)


Started GET "/assets/jquery.js?body=1" for 127.0.0.1 at 2015-10-04 14:17:48 -0700
Served asset /jquery.js - 304 Not Modified (0ms)


Started GET "/assets/application.js?body=1" for 127.0.0.1 at 2015-10-04 14:17:48 -0700
Served asset /application.js - 304 Not Modified (0ms)


Started GET "/assets/jquery_ujs.js?body=1" for 127.0.0.1 at 2015-10-04 14:17:48 -0700
Served asset /jquery_ujs.js - 304 Not Modified (0ms)


Started GET "/movies/10/edit" for 127.0.0.1 at 2015-10-04 14:17:56 -0700
Processing by MoviesController#edit as HTML
  Parameters: {"id"=>"10"}
  [1m[36mMovie Load (0.3ms)[0m  [1mSELECT "movies".* FROM "movies" WHERE "movies"."id" = $1 LIMIT 1[0m  [["id", "10"]]
  Rendered movies/edit.html.haml within layouts/application (3.6ms)
Completed 200 OK in 13.9ms (Views: 12.5ms | ActiveRecord: 0.3ms)


Started GET "/assets/application.css?body=1" for 127.0.0.1 at 2015-10-04 14:17:56 -0700
Served asset /application.css - 304 Not Modified (0ms)


Started GET "/assets/jquery.js?body=1" for 127.0.0.1 at 2015-10-04 14:17:56 -0700
Served asset /jquery.js - 304 Not Modified (0ms)


Started GET "/assets/application.js?body=1" for 127.0.0.1 at 2015-10-04 14:17:56 -0700
Served asset /application.js - 304 Not Modified (0ms)


Started GET "/assets/jquery_ujs.js?body=1" for 127.0.0.1 at 2015-10-04 14:17:56 -0700
Served asset /jquery_ujs.js - 304 Not Modified (0ms)


Started PUT "/movies/10" for 127.0.0.1 at 2015-10-04 14:18:04 -0700
Processing by MoviesController#update as HTML
  Parameters: {"utf8"=>"✓", "authenticity_token"=>"75+R1eUacZxGII5Aa3Zf/sBa+7Tg3uHnj5haFBdzZFc=", "movie"=>{"title"=>"Chicken Run", "director"=>"test", "rating"=>"G", "release_date(1i)"=>"2000", "release_date(2i)"=>"6", "release_date(3i)"=>"21"}, "commit"=>"Update Movie Info", "id"=>"10"}
  [1m[35mMovie Load (0.6ms)[0m  SELECT "movies".* FROM "movies" WHERE "movies"."id" = $1 LIMIT 1  [["id", "10"]]
  [1m[36m (2.3ms)[0m  [1mBEGIN[0m
WARNING: Can't mass-assign protected attributes: title, director, rating, release_date(1i), release_date(2i), release_date(3i)
  [1m[35m (0.1ms)[0m  COMMIT
Redirected to http://localhost:3000/movies/10
Completed 302 Found in 5.0ms (ActiveRecord: 3.0ms)


Started GET "/movies/10" for 127.0.0.1 at 2015-10-04 14:18:04 -0700
Processing by MoviesController#show as HTML
  Parameters: {"id"=>"10"}
  [1m[36mMovie Load (0.6ms)[0m  [1mSELECT "movies".* FROM "movies" WHERE "movies"."id" = $1 LIMIT 1[0m  [["id", "10"]]
  Rendered movies/show.html.haml within layouts/application (1.5ms)
Completed 200 OK in 6.3ms (Views: 5.0ms | ActiveRecord: 0.6ms)


Started GET "/assets/application.css?body=1" for 127.0.0.1 at 2015-10-04 14:18:04 -0700
Served asset /application.css - 304 Not Modified (0ms)


Started GET "/assets/jquery.js?body=1" for 127.0.0.1 at 2015-10-04 14:18:04 -0700
Served asset /jquery.js - 304 Not Modified (0ms)


Started GET "/assets/application.js?body=1" for 127.0.0.1 at 2015-10-04 14:18:04 -0700
Served asset /application.js - 304 Not Modified (0ms)


Started GET "/assets/jquery_ujs.js?body=1" for 127.0.0.1 at 2015-10-04 14:18:04 -0700
Served asset /jquery_ujs.js - 304 Not Modified (0ms)


Started GET "/movies" for 127.0.0.1 at 2015-10-04 14:18:10 -0700
Processing by MoviesController#index as HTML
  [1m[35mMovie Load (0.5ms)[0m  SELECT "movies".* FROM "movies" WHERE "movies"."rating" IN ('G', 'PG', 'PG-13', 'NC-17', 'R')
  Rendered movies/index.html.haml within layouts/application (12.9ms)
Completed 200 OK in 18.9ms (Views: 17.2ms | ActiveRecord: 0.5ms)


Started GET "/assets/application.css?body=1" for 127.0.0.1 at 2015-10-04 14:18:10 -0700
Served asset /application.css - 304 Not Modified (0ms)


Started GET "/assets/jquery.js?body=1" for 127.0.0.1 at 2015-10-04 14:18:10 -0700
Served asset /jquery.js - 304 Not Modified (0ms)


Started GET "/assets/application.js?body=1" for 127.0.0.1 at 2015-10-04 14:18:10 -0700
Served asset /application.js - 304 Not Modified (3ms)


Started GET "/assets/jquery_ujs.js?body=1" for 127.0.0.1 at 2015-10-04 14:18:10 -0700
Served asset /jquery_ujs.js - 304 Not Modified (0ms)


Started GET "/movies" for 127.0.0.1 at 2015-10-04 14:19:15 -0700
Processing by MoviesController#index as HTML
  [1m[36mMovie Load (3.9ms)[0m  [1mSELECT "movies".* FROM "movies" WHERE "movies"."rating" IN ('G', 'PG', 'PG-13', 'NC-17', 'R')[0m
  Rendered movies/index.html.haml within layouts/application (30.4ms)
Completed 200 OK in 43.4ms (Views: 38.4ms | ActiveRecord: 3.9ms)


Started GET "/assets/application.css?body=1" for 127.0.0.1 at 2015-10-04 14:19:15 -0700
Served asset /application.css - 304 Not Modified (0ms)


Started GET "/assets/jquery.js?body=1" for 127.0.0.1 at 2015-10-04 14:19:15 -0700
Served asset /jquery.js - 304 Not Modified (0ms)


Started GET "/assets/jquery_ujs.js?body=1" for 127.0.0.1 at 2015-10-04 14:19:15 -0700
Served asset /jquery_ujs.js - 304 Not Modified (0ms)


Started GET "/assets/application.js?body=1" for 127.0.0.1 at 2015-10-04 14:19:15 -0700
Served asset /application.js - 304 Not Modified (0ms)


Started GET "/movies/10" for 127.0.0.1 at 2015-10-04 14:19:19 -0700
Processing by MoviesController#show as HTML
  Parameters: {"id"=>"10"}
  [1m[35mMovie Load (0.2ms)[0m  SELECT "movies".* FROM "movies" WHERE "movies"."id" = $1 LIMIT 1  [["id", "10"]]
  Rendered movies/show.html.haml within layouts/application (1.3ms)
Completed 200 OK in 9.2ms (Views: 8.0ms | ActiveRecord: 0.2ms)


Started GET "/assets/application.css?body=1" for 127.0.0.1 at 2015-10-04 14:19:19 -0700
Served asset /application.css - 304 Not Modified (0ms)


Started GET "/assets/application.js?body=1" for 127.0.0.1 at 2015-10-04 14:19:19 -0700
Served asset /application.js - 304 Not Modified (0ms)


Started GET "/assets/jquery_ujs.js?body=1" for 127.0.0.1 at 2015-10-04 14:19:19 -0700
Served asset /jquery_ujs.js - 304 Not Modified (0ms)


Started GET "/assets/jquery.js?body=1" for 127.0.0.1 at 2015-10-04 14:19:19 -0700
Served asset /jquery.js - 304 Not Modified (0ms)


Started GET "/movies/10/edit" for 127.0.0.1 at 2015-10-04 14:19:21 -0700
Processing by MoviesController#edit as HTML
  Parameters: {"id"=>"10"}
  [1m[36mMovie Load (1.5ms)[0m  [1mSELECT "movies".* FROM "movies" WHERE "movies"."id" = $1 LIMIT 1[0m  [["id", "10"]]
  Rendered movies/edit.html.haml within layouts/application (5.7ms)
Completed 200 OK in 17.6ms (Views: 14.9ms | ActiveRecord: 1.5ms)


Started GET "/assets/application.css?body=1" for 127.0.0.1 at 2015-10-04 14:19:21 -0700
Served asset /application.css - 304 Not Modified (0ms)


Started GET "/assets/jquery.js?body=1" for 127.0.0.1 at 2015-10-04 14:19:21 -0700
Served asset /jquery.js - 304 Not Modified (0ms)


Started GET "/assets/application.js?body=1" for 127.0.0.1 at 2015-10-04 14:19:21 -0700
Served asset /application.js - 304 Not Modified (0ms)


Started GET "/assets/jquery_ujs.js?body=1" for 127.0.0.1 at 2015-10-04 14:19:21 -0700
Served asset /jquery_ujs.js - 304 Not Modified (0ms)


Started PUT "/movies/10" for 127.0.0.1 at 2015-10-04 14:19:25 -0700
Processing by MoviesController#update as HTML
  Parameters: {"utf8"=>"✓", "authenticity_token"=>"75+R1eUacZxGII5Aa3Zf/sBa+7Tg3uHnj5haFBdzZFc=", "movie"=>{"title"=>"Chicken Run", "director"=>"test", "rating"=>"G", "release_date(1i)"=>"2000", "release_date(2i)"=>"6", "release_date(3i)"=>"21"}, "commit"=>"Update Movie Info", "id"=>"10"}
  [1m[35mMovie Load (0.5ms)[0m  SELECT "movies".* FROM "movies" WHERE "movies"."id" = $1 LIMIT 1  [["id", "10"]]
  [1m[36m (0.1ms)[0m  [1mBEGIN[0m
WARNING: Can't mass-assign protected attributes: title, director, rating, release_date(1i), release_date(2i), release_date(3i)
  [1m[35m (0.0ms)[0m  COMMIT
Redirected to http://localhost:3000/movies/10
Completed 302 Found in 4.4ms (ActiveRecord: 0.7ms)


Started GET "/movies/10" for 127.0.0.1 at 2015-10-04 14:19:25 -0700
Processing by MoviesController#show as HTML
  Parameters: {"id"=>"10"}
  [1m[36mMovie Load (0.5ms)[0m  [1mSELECT "movies".* FROM "movies" WHERE "movies"."id" = $1 LIMIT 1[0m  [["id", "10"]]
  Rendered movies/show.html.haml within layouts/application (1.1ms)
Completed 200 OK in 5.0ms (Views: 3.9ms | ActiveRecord: 0.5ms)


Started GET "/assets/application.css?body=1" for 127.0.0.1 at 2015-10-04 14:19:25 -0700
Served asset /application.css - 304 Not Modified (0ms)


Started GET "/assets/jquery.js?body=1" for 127.0.0.1 at 2015-10-04 14:19:25 -0700
Served asset /jquery.js - 304 Not Modified (0ms)


Started GET "/assets/application.js?body=1" for 127.0.0.1 at 2015-10-04 14:19:25 -0700
Served asset /application.js - 304 Not Modified (0ms)


Started GET "/assets/jquery_ujs.js?body=1" for 127.0.0.1 at 2015-10-04 14:19:25 -0700
Served asset /jquery_ujs.js - 304 Not Modified (0ms)


Started GET "/movies/10/edit" for 127.0.0.1 at 2015-10-04 14:20:30 -0700
Processing by MoviesController#edit as HTML
  Parameters: {"id"=>"10"}
  [1m[35mMovie Load (0.2ms)[0m  SELECT "movies".* FROM "movies" WHERE "movies"."id" = $1 LIMIT 1  [["id", "10"]]
  Rendered movies/edit.html.haml within layouts/application (3.3ms)
Completed 200 OK in 23.9ms (Views: 7.0ms | ActiveRecord: 1.4ms)


Started GET "/assets/application.css?body=1" for 127.0.0.1 at 2015-10-04 14:20:30 -0700
Served asset /application.css - 304 Not Modified (0ms)


Started GET "/assets/jquery.js?body=1" for 127.0.0.1 at 2015-10-04 14:20:30 -0700
Served asset /jquery.js - 304 Not Modified (2ms)


Started GET "/assets/application.js?body=1" for 127.0.0.1 at 2015-10-04 14:20:30 -0700
Served asset /application.js - 304 Not Modified (0ms)


Started GET "/assets/jquery_ujs.js?body=1" for 127.0.0.1 at 2015-10-04 14:20:30 -0700
Served asset /jquery_ujs.js - 304 Not Modified (0ms)


Started PUT "/movies/10" for 127.0.0.1 at 2015-10-04 14:20:35 -0700
Processing by MoviesController#update as HTML
  Parameters: {"utf8"=>"✓", "authenticity_token"=>"75+R1eUacZxGII5Aa3Zf/sBa+7Tg3uHnj5haFBdzZFc=", "movie"=>{"title"=>"Chicken Run", "director"=>"test", "rating"=>"G", "release_date(1i)"=>"2000", "release_date(2i)"=>"6", "release_date(3i)"=>"21"}, "commit"=>"Update Movie Info", "id"=>"10"}
  [1m[36mMovie Load (2.0ms)[0m  [1mSELECT "movies".* FROM "movies" WHERE "movies"."id" = $1 LIMIT 1[0m  [["id", "10"]]
  [1m[35m (0.1ms)[0m  BEGIN
  [1m[36m (0.4ms)[0m  [1mUPDATE "movies" SET "director" = 'test', "updated_at" = '2015-10-04 21:20:35.413634' WHERE "movies"."id" = 10[0m
  [1m[35m (0.4ms)[0m  COMMIT
Redirected to http://localhost:3000/movies/10
Completed 302 Found in 71.5ms (ActiveRecord: 2.8ms)


Started GET "/movies/10" for 127.0.0.1 at 2015-10-04 14:20:35 -0700
Processing by MoviesController#show as HTML
  Parameters: {"id"=>"10"}
  [1m[36mMovie Load (0.2ms)[0m  [1mSELECT "movies".* FROM "movies" WHERE "movies"."id" = $1 LIMIT 1[0m  [["id", "10"]]
  Rendered movies/show.html.haml within layouts/application (1.1ms)
Completed 200 OK in 5.1ms (Views: 3.9ms | ActiveRecord: 0.2ms)


Started GET "/assets/application.css?body=1" for 127.0.0.1 at 2015-10-04 14:20:35 -0700
Served asset /application.css - 304 Not Modified (0ms)


Started GET "/assets/jquery.js?body=1" for 127.0.0.1 at 2015-10-04 14:20:35 -0700
Served asset /jquery.js - 304 Not Modified (1ms)


Started GET "/assets/jquery_ujs.js?body=1" for 127.0.0.1 at 2015-10-04 14:20:35 -0700
Served asset /jquery_ujs.js - 304 Not Modified (0ms)


Started GET "/assets/application.js?body=1" for 127.0.0.1 at 2015-10-04 14:20:35 -0700
Served asset /application.js - 304 Not Modified (5ms)


Started GET "/movies" for 127.0.0.1 at 2015-10-04 14:20:42 -0700
Processing by MoviesController#index as HTML
  [1m[35mMovie Load (3.3ms)[0m  SELECT "movies".* FROM "movies" WHERE "movies"."rating" IN ('G', 'PG', 'PG-13', 'NC-17', 'R')
  Rendered movies/index.html.haml within layouts/application (12.4ms)
Completed 200 OK in 22.3ms (Views: 17.3ms | ActiveRecord: 3.3ms)


Started GET "/assets/application.css?body=1" for 127.0.0.1 at 2015-10-04 14:20:42 -0700
Served asset /application.css - 304 Not Modified (0ms)


Started GET "/assets/jquery.js?body=1" for 127.0.0.1 at 2015-10-04 14:20:42 -0700
Served asset /jquery.js - 304 Not Modified (0ms)


Started GET "/assets/application.js?body=1" for 127.0.0.1 at 2015-10-04 14:20:42 -0700
Served asset /application.js - 304 Not Modified (0ms)


Started GET "/assets/jquery_ujs.js?body=1" for 127.0.0.1 at 2015-10-04 14:20:42 -0700
Served asset /jquery_ujs.js - 304 Not Modified (0ms)


Started GET "/movies/9" for 127.0.0.1 at 2015-10-04 14:20:47 -0700
Processing by MoviesController#show as HTML
  Parameters: {"id"=>"9"}
  [1m[36mMovie Load (0.8ms)[0m  [1mSELECT "movies".* FROM "movies" WHERE "movies"."id" = $1 LIMIT 1[0m  [["id", "9"]]
  Rendered movies/show.html.haml within layouts/application (5.4ms)
Completed 200 OK in 16.7ms (Views: 14.9ms | ActiveRecord: 0.8ms)


Started GET "/assets/application.css?body=1" for 127.0.0.1 at 2015-10-04 14:20:47 -0700
Served asset /application.css - 304 Not Modified (0ms)


Started GET "/assets/jquery.js?body=1" for 127.0.0.1 at 2015-10-04 14:20:47 -0700
Served asset /jquery.js - 304 Not Modified (3ms)


Started GET "/assets/application.js?body=1" for 127.0.0.1 at 2015-10-04 14:20:47 -0700
Served asset /application.js - 304 Not Modified (0ms)


Started GET "/assets/jquery_ujs.js?body=1" for 127.0.0.1 at 2015-10-04 14:20:47 -0700
Served asset /jquery_ujs.js - 304 Not Modified (0ms)


Started GET "/movies/9/edit" for 127.0.0.1 at 2015-10-04 14:20:49 -0700
Processing by MoviesController#edit as HTML
  Parameters: {"id"=>"9"}
  [1m[35mMovie Load (0.2ms)[0m  SELECT "movies".* FROM "movies" WHERE "movies"."id" = $1 LIMIT 1  [["id", "9"]]
  Rendered movies/edit.html.haml within layouts/application (2.9ms)
Completed 200 OK in 7.4ms (Views: 6.4ms | ActiveRecord: 0.2ms)


Started GET "/assets/application.css?body=1" for 127.0.0.1 at 2015-10-04 14:20:49 -0700
Served asset /application.css - 304 Not Modified (0ms)


Started GET "/assets/jquery.js?body=1" for 127.0.0.1 at 2015-10-04 14:20:49 -0700
Served asset /jquery.js - 304 Not Modified (0ms)


Started GET "/assets/application.js?body=1" for 127.0.0.1 at 2015-10-04 14:20:49 -0700
Served asset /application.js - 304 Not Modified (0ms)


Started GET "/assets/jquery_ujs.js?body=1" for 127.0.0.1 at 2015-10-04 14:20:49 -0700
Served asset /jquery_ujs.js - 304 Not Modified (0ms)


Started PUT "/movies/9" for 127.0.0.1 at 2015-10-04 14:20:53 -0700
Processing by MoviesController#update as HTML
  Parameters: {"utf8"=>"✓", "authenticity_token"=>"75+R1eUacZxGII5Aa3Zf/sBa+7Tg3uHnj5haFBdzZFc=", "movie"=>{"title"=>"Raiders of the Lost Ark", "director"=>"test", "rating"=>"PG", "release_date(1i)"=>"1981", "release_date(2i)"=>"6", "release_date(3i)"=>"12"}, "commit"=>"Update Movie Info", "id"=>"9"}
  [1m[36mMovie Load (0.5ms)[0m  [1mSELECT "movies".* FROM "movies" WHERE "movies"."id" = $1 LIMIT 1[0m  [["id", "9"]]
  [1m[35m (0.7ms)[0m  BEGIN
  [1m[36m (2.7ms)[0m  [1mUPDATE "movies" SET "director" = 'test', "updated_at" = '2015-10-04 21:20:53.863879' WHERE "movies"."id" = 9[0m
  [1m[35m (0.6ms)[0m  COMMIT
Redirected to http://localhost:3000/movies/9
Completed 302 Found in 7.4ms (ActiveRecord: 4.6ms)


Started GET "/movies/9" for 127.0.0.1 at 2015-10-04 14:20:53 -0700
Processing by MoviesController#show as HTML
  Parameters: {"id"=>"9"}
  [1m[36mMovie Load (0.8ms)[0m  [1mSELECT "movies".* FROM "movies" WHERE "movies"."id" = $1 LIMIT 1[0m  [["id", "9"]]
  Rendered movies/show.html.haml within layouts/application (5.2ms)
Completed 200 OK in 12.7ms (Views: 10.9ms | ActiveRecord: 0.8ms)


Started GET "/assets/application.css?body=1" for 127.0.0.1 at 2015-10-04 14:20:53 -0700
Served asset /application.css - 304 Not Modified (0ms)


Started GET "/assets/jquery.js?body=1" for 127.0.0.1 at 2015-10-04 14:20:53 -0700
Served asset /jquery.js - 304 Not Modified (0ms)


Started GET "/assets/application.js?body=1" for 127.0.0.1 at 2015-10-04 14:20:53 -0700
Served asset /application.js - 304 Not Modified (0ms)


Started GET "/assets/jquery_ujs.js?body=1" for 127.0.0.1 at 2015-10-04 14:20:54 -0700
Served asset /jquery_ujs.js - 304 Not Modified (0ms)


Started GET "/movies/9/similar" for 127.0.0.1 at 2015-10-04 14:20:56 -0700
Processing by MoviesController#similar as HTML
  Parameters: {"id"=>"9"}
  [1m[35mMovie Load (0.8ms)[0m  SELECT "movies".* FROM "movies" WHERE "movies"."id" = $1 LIMIT 1  [["id", "9"]]
Completed 500 Internal Server Error in 2.0ms

NoMethodError (undefined method `similar_directors' for #<Class:0x0000000527fc68>):
  app/controllers/movies_controller.rb:71:in `similar'


  Rendered /var/lib/gems/1.9.1/gems/actionpack-3.2.18/lib/action_dispatch/middleware/templates/rescues/_trace.erb (0.9ms)
  Rendered /var/lib/gems/1.9.1/gems/actionpack-3.2.18/lib/action_dispatch/middleware/templates/rescues/_request_and_response.erb (0.8ms)
  Rendered /var/lib/gems/1.9.1/gems/actionpack-3.2.18/lib/action_dispatch/middleware/templates/rescues/diagnostics.erb within rescues/layout (9.7ms)


Started GET "/movies/9/similar" for 127.0.0.1 at 2015-10-04 14:21:46 -0700
Processing by MoviesController#similar as HTML
  Parameters: {"id"=>"9"}
  [1m[36mMovie Load (0.1ms)[0m  [1mSELECT "movies".* FROM "movies" WHERE "movies"."id" = $1 LIMIT 1[0m  [["id", "9"]]
  [1m[35mMovie Load (0.4ms)[0m  SELECT "movies".* FROM "movies" WHERE "movies"."director" = 'test'
  Rendered movies/similar.html.haml within layouts/application (8.6ms)
Completed 200 OK in 29.0ms (Views: 13.7ms | ActiveRecord: 2.7ms)


Started GET "/assets/application.css?body=1" for 127.0.0.1 at 2015-10-04 14:21:46 -0700
Served asset /application.css - 304 Not Modified (0ms)


Started GET "/assets/jquery.js?body=1" for 127.0.0.1 at 2015-10-04 14:21:46 -0700
Served asset /jquery.js - 304 Not Modified (0ms)


Started GET "/assets/application.js?body=1" for 127.0.0.1 at 2015-10-04 14:21:46 -0700
Served asset /application.js - 304 Not Modified (0ms)


Started GET "/assets/jquery_ujs.js?body=1" for 127.0.0.1 at 2015-10-04 14:21:46 -0700
Served asset /jquery_ujs.js - 304 Not Modified (0ms)


Started GET "/movies/10" for 127.0.0.1 at 2015-10-04 14:21:55 -0700
Processing by MoviesController#show as HTML
  Parameters: {"id"=>"10"}
  [1m[36mMovie Load (0.7ms)[0m  [1mSELECT "movies".* FROM "movies" WHERE "movies"."id" = $1 LIMIT 1[0m  [["id", "10"]]
  Rendered movies/show.html.haml within layouts/application (1.1ms)
Completed 200 OK in 10.0ms (Views: 8.1ms | ActiveRecord: 0.7ms)


Started GET "/assets/application.css?body=1" for 127.0.0.1 at 2015-10-04 14:21:55 -0700
Served asset /application.css - 304 Not Modified (0ms)


Started GET "/assets/jquery.js?body=1" for 127.0.0.1 at 2015-10-04 14:21:55 -0700
Served asset /jquery.js - 304 Not Modified (2ms)


Started GET "/assets/application.js?body=1" for 127.0.0.1 at 2015-10-04 14:21:55 -0700
Served asset /application.js - 304 Not Modified (4ms)


Started GET "/assets/jquery_ujs.js?body=1" for 127.0.0.1 at 2015-10-04 14:21:55 -0700
Served asset /jquery_ujs.js - 304 Not Modified (0ms)


Started GET "/movies" for 127.0.0.1 at 2015-10-04 14:22:00 -0700
Processing by MoviesController#index as HTML
  [1m[35mMovie Load (0.3ms)[0m  SELECT "movies".* FROM "movies" WHERE "movies"."rating" IN ('G', 'PG', 'PG-13', 'NC-17', 'R')
  Rendered movies/index.html.haml within layouts/application (12.3ms)
Completed 200 OK in 18.8ms (Views: 16.5ms | ActiveRecord: 0.3ms)


Started GET "/assets/application.css?body=1" for 127.0.0.1 at 2015-10-04 14:22:00 -0700
Served asset /application.css - 304 Not Modified (0ms)


Started GET "/assets/jquery.js?body=1" for 127.0.0.1 at 2015-10-04 14:22:00 -0700
Served asset /jquery.js - 304 Not Modified (0ms)


Started GET "/assets/application.js?body=1" for 127.0.0.1 at 2015-10-04 14:22:00 -0700
Served asset /application.js - 304 Not Modified (0ms)


Started GET "/assets/jquery_ujs.js?body=1" for 127.0.0.1 at 2015-10-04 14:22:00 -0700
Served asset /jquery_ujs.js - 304 Not Modified (0ms)


Started GET "/movies?ratings%5BG%5D=G&ratings%5BNC-17%5D=NC-17&ratings%5BPG%5D=PG&ratings%5BPG-13%5D=PG-13&ratings%5BR%5D=R&sort=title" for 127.0.0.1 at 2015-10-04 14:22:02 -0700
Processing by MoviesController#index as HTML
  Parameters: {"ratings"=>{"G"=>"G", "NC-17"=>"NC-17", "PG"=>"PG", "PG-13"=>"PG-13", "R"=>"R"}, "sort"=>"title"}
Redirected to http://localhost:3000/movies?ratings%5BG%5D=G&ratings%5BNC-17%5D=NC-17&ratings%5BPG%5D=PG&ratings%5BPG-13%5D=PG-13&ratings%5BR%5D=R&sort=title
Completed 302 Found in 0.8ms (ActiveRecord: 0.0ms)


Started GET "/movies?ratings%5BG%5D=G&ratings%5BNC-17%5D=NC-17&ratings%5BPG%5D=PG&ratings%5BPG-13%5D=PG-13&ratings%5BR%5D=R&sort=title" for 127.0.0.1 at 2015-10-04 14:22:02 -0700
Processing by MoviesController#index as HTML
  Parameters: {"ratings"=>{"G"=>"G", "NC-17"=>"NC-17", "PG"=>"PG", "PG-13"=>"PG-13", "R"=>"R"}, "sort"=>"title"}
Redirected to http://localhost:3000/movies?ratings%5BG%5D=G&ratings%5BNC-17%5D=NC-17&ratings%5BPG%5D=PG&ratings%5BPG-13%5D=PG-13&ratings%5BR%5D=R&sort=title
Completed 302 Found in 0.5ms (ActiveRecord: 0.0ms)


Started GET "/movies?ratings%5BG%5D=G&ratings%5BNC-17%5D=NC-17&ratings%5BPG%5D=PG&ratings%5BPG-13%5D=PG-13&ratings%5BR%5D=R&sort=title" for 127.0.0.1 at 2015-10-04 14:22:02 -0700
Processing by MoviesController#index as HTML
  Parameters: {"ratings"=>{"G"=>"G", "NC-17"=>"NC-17", "PG"=>"PG", "PG-13"=>"PG-13", "R"=>"R"}, "sort"=>"title"}
  [1m[36mMovie Load (0.5ms)[0m  [1mSELECT "movies".* FROM "movies" WHERE "movies"."rating" IN ('G', 'NC-17', 'PG', 'PG-13', 'R') ORDER BY title[0m
  Rendered movies/index.html.haml within layouts/application (3.4ms)
Completed 200 OK in 8.0ms (Views: 6.3ms | ActiveRecord: 0.5ms)


Started GET "/assets/application.css?body=1" for 127.0.0.1 at 2015-10-04 14:22:02 -0700
Served asset /application.css - 304 Not Modified (0ms)


Started GET "/assets/jquery.js?body=1" for 127.0.0.1 at 2015-10-04 14:22:02 -0700
Served asset /jquery.js - 304 Not Modified (2ms)


Started GET "/assets/jquery_ujs.js?body=1" for 127.0.0.1 at 2015-10-04 14:22:02 -0700
Served asset /jquery_ujs.js - 304 Not Modified (0ms)


Started GET "/assets/application.js?body=1" for 127.0.0.1 at 2015-10-04 14:22:02 -0700
Served asset /application.js - 304 Not Modified (0ms)


Started GET "/movies?ratings%5BG%5D=G&ratings%5BNC-17%5D=NC-17&ratings%5BPG%5D=PG&ratings%5BPG-13%5D=PG-13&ratings%5BR%5D=R&sort=release_date" for 127.0.0.1 at 2015-10-04 14:22:03 -0700
Processing by MoviesController#index as HTML
  Parameters: {"ratings"=>{"G"=>"G", "NC-17"=>"NC-17", "PG"=>"PG", "PG-13"=>"PG-13", "R"=>"R"}, "sort"=>"release_date"}
Redirected to http://localhost:3000/movies?ratings%5BG%5D=G&ratings%5BNC-17%5D=NC-17&ratings%5BPG%5D=PG&ratings%5BPG-13%5D=PG-13&ratings%5BR%5D=R&sort=release_date
Completed 302 Found in 0.6ms (ActiveRecord: 0.0ms)


Started GET "/movies?ratings%5BG%5D=G&ratings%5BNC-17%5D=NC-17&ratings%5BPG%5D=PG&ratings%5BPG-13%5D=PG-13&ratings%5BR%5D=R&sort=release_date" for 127.0.0.1 at 2015-10-04 14:22:03 -0700
Processing by MoviesController#index as HTML
  Parameters: {"ratings"=>{"G"=>"G", "NC-17"=>"NC-17", "PG"=>"PG", "PG-13"=>"PG-13", "R"=>"R"}, "sort"=>"release_date"}
  [1m[35mMovie Load (1.7ms)[0m  SELECT "movies".* FROM "movies" WHERE "movies"."rating" IN ('G', 'NC-17', 'PG', 'PG-13', 'R') ORDER BY release_date
  Rendered movies/index.html.haml within layouts/application (13.7ms)
Completed 200 OK in 21.0ms (Views: 16.7ms | ActiveRecord: 1.7ms)


Started GET "/assets/application.css?body=1" for 127.0.0.1 at 2015-10-04 14:22:04 -0700
Served asset /application.css - 304 Not Modified (0ms)


Started GET "/assets/jquery.js?body=1" for 127.0.0.1 at 2015-10-04 14:22:04 -0700
Served asset /jquery.js - 304 Not Modified (0ms)


Started GET "/assets/application.js?body=1" for 127.0.0.1 at 2015-10-04 14:22:04 -0700
Served asset /application.js - 304 Not Modified (0ms)


Started GET "/assets/jquery_ujs.js?body=1" for 127.0.0.1 at 2015-10-04 14:22:04 -0700
Served asset /jquery_ujs.js - 304 Not Modified (0ms)


Started GET "/movies?utf8=%E2%9C%93&%3Arelease_date_sort=true&ratings%5BG%5D=1&ratings%5BPG%5D=1&ratings%5BPG-13%5D=1&ratings%5BNC-17%5D=1&commit=Refresh" for 127.0.0.1 at 2015-10-04 14:22:06 -0700
Processing by MoviesController#index as HTML
  Parameters: {"utf8"=>"✓", ":release_date_sort"=>"true", "ratings"=>{"G"=>"1", "PG"=>"1", "PG-13"=>"1", "NC-17"=>"1"}, "commit"=>"Refresh"}
Redirected to http://localhost:3000/movies?ratings%5BG%5D=1&ratings%5BNC-17%5D=1&ratings%5BPG%5D=1&ratings%5BPG-13%5D=1&sort=release_date
Completed 302 Found in 0.5ms (ActiveRecord: 0.0ms)


Started GET "/movies?ratings%5BG%5D=1&ratings%5BNC-17%5D=1&ratings%5BPG%5D=1&ratings%5BPG-13%5D=1&sort=release_date" for 127.0.0.1 at 2015-10-04 14:22:06 -0700
Processing by MoviesController#index as HTML
  Parameters: {"ratings"=>{"G"=>"1", "NC-17"=>"1", "PG"=>"1", "PG-13"=>"1"}, "sort"=>"release_date"}
Redirected to http://localhost:3000/movies?ratings%5BG%5D=1&ratings%5BNC-17%5D=1&ratings%5BPG%5D=1&ratings%5BPG-13%5D=1&sort=release_date
Completed 302 Found in 0.5ms (ActiveRecord: 0.0ms)


Started GET "/movies?ratings%5BG%5D=1&ratings%5BNC-17%5D=1&ratings%5BPG%5D=1&ratings%5BPG-13%5D=1&sort=release_date" for 127.0.0.1 at 2015-10-04 14:22:06 -0700
Processing by MoviesController#index as HTML
  Parameters: {"ratings"=>{"G"=>"1", "NC-17"=>"1", "PG"=>"1", "PG-13"=>"1"}, "sort"=>"release_date"}
  [1m[36mMovie Load (0.9ms)[0m  [1mSELECT "movies".* FROM "movies" WHERE "movies"."rating" IN ('G', 'NC-17', 'PG', 'PG-13') ORDER BY release_date[0m
  Rendered movies/index.html.haml within layouts/application (9.5ms)
Completed 200 OK in 16.1ms (Views: 14.2ms | ActiveRecord: 0.9ms)


Started GET "/assets/application.css?body=1" for 127.0.0.1 at 2015-10-04 14:22:06 -0700
Served asset /application.css - 304 Not Modified (0ms)


Started GET "/assets/jquery.js?body=1" for 127.0.0.1 at 2015-10-04 14:22:06 -0700
Served asset /jquery.js - 304 Not Modified (0ms)


Started GET "/assets/application.js?body=1" for 127.0.0.1 at 2015-10-04 14:22:06 -0700
Served asset /application.js - 304 Not Modified (2ms)


Started GET "/assets/jquery_ujs.js?body=1" for 127.0.0.1 at 2015-10-04 14:22:06 -0700
Served asset /jquery_ujs.js - 304 Not Modified (0ms)


Started GET "/movies/9" for 127.0.0.1 at 2015-10-04 14:22:09 -0700
Processing by MoviesController#show as HTML
  Parameters: {"id"=>"9"}
  [1m[35mMovie Load (0.2ms)[0m  SELECT "movies".* FROM "movies" WHERE "movies"."id" = $1 LIMIT 1  [["id", "9"]]
  Rendered movies/show.html.haml within layouts/application (1.2ms)
Completed 200 OK in 6.0ms (Views: 4.9ms | ActiveRecord: 0.2ms)


Started GET "/assets/application.css?body=1" for 127.0.0.1 at 2015-10-04 14:22:09 -0700
Served asset /application.css - 304 Not Modified (0ms)


Started GET "/assets/jquery.js?body=1" for 127.0.0.1 at 2015-10-04 14:22:09 -0700
Served asset /jquery.js - 304 Not Modified (0ms)


Started GET "/assets/application.js?body=1" for 127.0.0.1 at 2015-10-04 14:22:09 -0700
Served asset /application.js - 304 Not Modified (1ms)


Started GET "/assets/jquery_ujs.js?body=1" for 127.0.0.1 at 2015-10-04 14:22:09 -0700
Served asset /jquery_ujs.js - 304 Not Modified (0ms)


Started GET "/movies/9/similar" for 127.0.0.1 at 2015-10-04 14:22:10 -0700
Processing by MoviesController#similar as HTML
  Parameters: {"id"=>"9"}
  [1m[36mMovie Load (0.2ms)[0m  [1mSELECT "movies".* FROM "movies" WHERE "movies"."id" = $1 LIMIT 1[0m  [["id", "9"]]
  [1m[35mMovie Load (0.7ms)[0m  SELECT "movies".* FROM "movies" WHERE "movies"."director" = 'test'
  Rendered movies/similar.html.haml within layouts/application (0.9ms)
Completed 200 OK in 6.3ms (Views: 4.1ms | ActiveRecord: 0.9ms)


Started GET "/assets/application.css?body=1" for 127.0.0.1 at 2015-10-04 14:22:10 -0700
Served asset /application.css - 304 Not Modified (0ms)


Started GET "/assets/jquery.js?body=1" for 127.0.0.1 at 2015-10-04 14:22:10 -0700
Served asset /jquery.js - 304 Not Modified (0ms)


Started GET "/assets/application.js?body=1" for 127.0.0.1 at 2015-10-04 14:22:10 -0700
Served asset /application.js - 304 Not Modified (0ms)


Started GET "/assets/jquery_ujs.js?body=1" for 127.0.0.1 at 2015-10-04 14:22:10 -0700
Served asset /jquery_ujs.js - 304 Not Modified (0ms)


Started GET "/movies/9" for 127.0.0.1 at 2015-10-04 14:22:19 -0700
Processing by MoviesController#show as HTML
  Parameters: {"id"=>"9"}
  [1m[36mMovie Load (0.2ms)[0m  [1mSELECT "movies".* FROM "movies" WHERE "movies"."id" = $1 LIMIT 1[0m  [["id", "9"]]
  Rendered movies/show.html.haml within layouts/application (1.1ms)
Completed 200 OK in 9.3ms (Views: 8.3ms | ActiveRecord: 0.2ms)


Started GET "/assets/application.css?body=1" for 127.0.0.1 at 2015-10-04 14:22:19 -0700
Served asset /application.css - 304 Not Modified (0ms)


Started GET "/assets/jquery.js?body=1" for 127.0.0.1 at 2015-10-04 14:22:19 -0700
Served asset /jquery.js - 304 Not Modified (0ms)


Started GET "/assets/application.js?body=1" for 127.0.0.1 at 2015-10-04 14:22:19 -0700
Served asset /application.js - 304 Not Modified (0ms)


Started GET "/assets/jquery_ujs.js?body=1" for 127.0.0.1 at 2015-10-04 14:22:19 -0700
Served asset /jquery_ujs.js - 304 Not Modified (0ms)


Started GET "/movies/9/similar" for 127.0.0.1 at 2015-10-04 14:22:21 -0700
Processing by MoviesController#similar as HTML
  Parameters: {"id"=>"9"}
  [1m[35mMovie Load (0.2ms)[0m  SELECT "movies".* FROM "movies" WHERE "movies"."id" = $1 LIMIT 1  [["id", "9"]]
  [1m[36mMovie Load (0.9ms)[0m  [1mSELECT "movies".* FROM "movies" WHERE "movies"."director" = 'test'[0m
  Rendered movies/similar.html.haml within layouts/application (0.9ms)
Completed 200 OK in 9.9ms (Views: 7.5ms | ActiveRecord: 1.1ms)


Started GET "/assets/application.css?body=1" for 127.0.0.1 at 2015-10-04 14:22:21 -0700
Served asset /application.css - 304 Not Modified (0ms)


Started GET "/assets/jquery.js?body=1" for 127.0.0.1 at 2015-10-04 14:22:21 -0700
Served asset /jquery.js - 304 Not Modified (0ms)


Started GET "/assets/jquery_ujs.js?body=1" for 127.0.0.1 at 2015-10-04 14:22:21 -0700
Served asset /jquery_ujs.js - 304 Not Modified (58ms)


Started GET "/assets/application.js?body=1" for 127.0.0.1 at 2015-10-04 14:22:21 -0700
Served asset /application.js - 304 Not Modified (1ms)
Connecting to database specified by database.yml
  [1m[36m (0.6ms)[0m  [1mSELECT "schema_migrations"."version" FROM "schema_migrations" [0m
  [1m[35m (126.5ms)[0m  DROP DATABASE IF EXISTS "mona_test"
  [1m[36m (577.6ms)[0m  [1mCREATE DATABASE "mona_test" ENCODING = 'unicode'[0m
  [1m[35m (21.3ms)[0m  CREATE TABLE "movies" ("id" serial primary key, "title" character varying(255), "rating" character varying(255), "description" text, "release_date" timestamp, "created_at" timestamp NOT NULL, "updated_at" timestamp NOT NULL, "director" character varying(255)) 
  [1m[36m (1.6ms)[0m  [1mCREATE TABLE "schema_migrations" ("version" character varying(255) NOT NULL) [0m
  [1m[35m (1.8ms)[0m  CREATE UNIQUE INDEX "unique_schema_migrations" ON "schema_migrations" ("version")
  [1m[36m (0.3ms)[0m  [1mSELECT version FROM "schema_migrations"[0m
  [1m[35m (0.5ms)[0m  INSERT INTO "schema_migrations" (version) VALUES ('20151004211304')
  [1m[36m (0.5ms)[0m  [1mINSERT INTO "schema_migrations" (version) VALUES ('20111119180638')[0m
Connecting to database specified by database.yml
  [1m[36m (0.2ms)[0m  [1mSELECT "schema_migrations"."version" FROM "schema_migrations" [0m
  [1m[35m (111.4ms)[0m  DROP DATABASE IF EXISTS "mona_test"
  [1m[36m (527.5ms)[0m  [1mCREATE DATABASE "mona_test" ENCODING = 'unicode'[0m
  [1m[35m (11.7ms)[0m  CREATE TABLE "movies" ("id" serial primary key, "title" character varying(255), "rating" character varying(255), "description" text, "release_date" timestamp, "created_at" timestamp NOT NULL, "updated_at" timestamp NOT NULL, "director" character varying(255)) 
  [1m[36m (1.4ms)[0m  [1mCREATE TABLE "schema_migrations" ("version" character varying(255) NOT NULL) [0m
  [1m[35m (1.8ms)[0m  CREATE UNIQUE INDEX "unique_schema_migrations" ON "schema_migrations" ("version")
  [1m[36m (0.2ms)[0m  [1mSELECT version FROM "schema_migrations"[0m
  [1m[35m (0.5ms)[0m  INSERT INTO "schema_migrations" (version) VALUES ('20151004211304')
  [1m[36m (0.5ms)[0m  [1mINSERT INTO "schema_migrations" (version) VALUES ('20111119180638')[0m
Connecting to database specified by database.yml
  [1m[36m (0.3ms)[0m  [1mSELECT "schema_migrations"."version" FROM "schema_migrations" [0m
  [1m[35m (111.6ms)[0m  DROP DATABASE IF EXISTS "mona_test"
  [1m[36m (519.5ms)[0m  [1mCREATE DATABASE "mona_test" ENCODING = 'unicode'[0m
  [1m[35m (18.3ms)[0m  CREATE TABLE "movies" ("id" serial primary key, "title" character varying(255), "rating" character varying(255), "description" text, "release_date" timestamp, "created_at" timestamp NOT NULL, "updated_at" timestamp NOT NULL, "director" character varying(255)) 
  [1m[36m (0.7ms)[0m  [1mCREATE TABLE "schema_migrations" ("version" character varying(255) NOT NULL) [0m
  [1m[35m (1.7ms)[0m  CREATE UNIQUE INDEX "unique_schema_migrations" ON "schema_migrations" ("version")
  [1m[36m (0.3ms)[0m  [1mSELECT version FROM "schema_migrations"[0m
  [1m[35m (0.6ms)[0m  INSERT INTO "schema_migrations" (version) VALUES ('20151004211304')
  [1m[36m (0.5ms)[0m  [1mINSERT INTO "schema_migrations" (version) VALUES ('20111119180638')[0m
Connecting to database specified by database.yml
  [1m[36m (0.3ms)[0m  [1mSELECT "schema_migrations"."version" FROM "schema_migrations" [0m
  [1m[35m (105.8ms)[0m  DROP DATABASE IF EXISTS "mona_test"
  [1m[36m (539.1ms)[0m  [1mCREATE DATABASE "mona_test" ENCODING = 'unicode'[0m
  [1m[35m (13.0ms)[0m  CREATE TABLE "movies" ("id" serial primary key, "title" character varying(255), "rating" character varying(255), "description" text, "release_date" timestamp, "created_at" timestamp NOT NULL, "updated_at" timestamp NOT NULL, "director" character varying(255)) 
  [1m[36m (1.7ms)[0m  [1mCREATE TABLE "schema_migrations" ("version" character varying(255) NOT NULL) [0m
  [1m[35m (1.9ms)[0m  CREATE UNIQUE INDEX "unique_schema_migrations" ON "schema_migrations" ("version")
  [1m[36m (0.3ms)[0m  [1mSELECT version FROM "schema_migrations"[0m
  [1m[35m (0.7ms)[0m  INSERT INTO "schema_migrations" (version) VALUES ('20151004211304')
  [1m[36m (0.5ms)[0m  [1mINSERT INTO "schema_migrations" (version) VALUES ('20111119180638')[0m
Connecting to database specified by database.yml
  [1m[36m (0.2ms)[0m  [1mSELECT "schema_migrations"."version" FROM "schema_migrations" [0m
  [1m[35m (112.1ms)[0m  DROP DATABASE IF EXISTS "mona_test"
  [1m[36m (552.7ms)[0m  [1mCREATE DATABASE "mona_test" ENCODING = 'unicode'[0m
  [1m[35m (10.3ms)[0m  CREATE TABLE "movies" ("id" serial primary key, "title" character varying(255), "rating" character varying(255), "description" text, "release_date" timestamp, "created_at" timestamp NOT NULL, "updated_at" timestamp NOT NULL, "director" character varying(255)) 
  [1m[36m (1.2ms)[0m  [1mCREATE TABLE "schema_migrations" ("version" character varying(255) NOT NULL) [0m
  [1m[35m (1.6ms)[0m  CREATE UNIQUE INDEX "unique_schema_migrations" ON "schema_migrations" ("version")
  [1m[36m (0.2ms)[0m  [1mSELECT version FROM "schema_migrations"[0m
  [1m[35m (0.6ms)[0m  INSERT INTO "schema_migrations" (version) VALUES ('20151004211304')
  [1m[36m (0.6ms)[0m  [1mINSERT INTO "schema_migrations" (version) VALUES ('20111119180638')[0m
Connecting to database specified by database.yml
  [1m[36m (4.1ms)[0m  [1mSELECT "schema_migrations"."version" FROM "schema_migrations" [0m
  [1m[35m (130.6ms)[0m  DROP DATABASE IF EXISTS "mona_test"
  [1m[36m (532.9ms)[0m  [1mCREATE DATABASE "mona_test" ENCODING = 'unicode'[0m
  [1m[35m (25.0ms)[0m  CREATE TABLE "movies" ("id" serial primary key, "title" character varying(255), "rating" character varying(255), "description" text, "release_date" timestamp, "created_at" timestamp NOT NULL, "updated_at" timestamp NOT NULL, "director" character varying(255)) 
  [1m[36m (0.9ms)[0m  [1mCREATE TABLE "schema_migrations" ("version" character varying(255) NOT NULL) [0m
  [1m[35m (3.0ms)[0m  CREATE UNIQUE INDEX "unique_schema_migrations" ON "schema_migrations" ("version")
  [1m[36m (0.4ms)[0m  [1mSELECT version FROM "schema_migrations"[0m
  [1m[35m (0.9ms)[0m  INSERT INTO "schema_migrations" (version) VALUES ('20151004211304')
  [1m[36m (0.5ms)[0m  [1mINSERT INTO "schema_migrations" (version) VALUES ('20111119180638')[0m
Connecting to database specified by database.yml
  [1m[36m (0.3ms)[0m  [1mSELECT "schema_migrations"."version" FROM "schema_migrations" [0m
  [1m[35m (114.1ms)[0m  DROP DATABASE IF EXISTS "mona_test"
  [1m[36m (525.2ms)[0m  [1mCREATE DATABASE "mona_test" ENCODING = 'unicode'[0m
  [1m[35m (17.3ms)[0m  CREATE TABLE "movies" ("id" serial primary key, "title" character varying(255), "rating" character varying(255), "description" text, "release_date" timestamp, "created_at" timestamp NOT NULL, "updated_at" timestamp NOT NULL, "director" character varying(255)) 
  [1m[36m (1.3ms)[0m  [1mCREATE TABLE "schema_migrations" ("version" character varying(255) NOT NULL) [0m
  [1m[35m (1.9ms)[0m  CREATE UNIQUE INDEX "unique_schema_migrations" ON "schema_migrations" ("version")
  [1m[36m (0.8ms)[0m  [1mSELECT version FROM "schema_migrations"[0m
  [1m[35m (0.6ms)[0m  INSERT INTO "schema_migrations" (version) VALUES ('20151004211304')
  [1m[36m (0.5ms)[0m  [1mINSERT INTO "schema_migrations" (version) VALUES ('20111119180638')[0m
Connecting to database specified by database.yml
  [1m[36m (4.0ms)[0m  [1mSELECT "schema_migrations"."version" FROM "schema_migrations" [0m
  [1m[35m (147.3ms)[0m  DROP DATABASE IF EXISTS "mona_test"
  [1m[36m (527.0ms)[0m  [1mCREATE DATABASE "mona_test" ENCODING = 'unicode'[0m
  [1m[35m (43.0ms)[0m  CREATE TABLE "movies" ("id" serial primary key, "title" character varying(255), "rating" character varying(255), "description" text, "release_date" timestamp, "created_at" timestamp NOT NULL, "updated_at" timestamp NOT NULL, "director" character varying(255)) 
  [1m[36m (1.6ms)[0m  [1mCREATE TABLE "schema_migrations" ("version" character varying(255) NOT NULL) [0m
  [1m[35m (1.7ms)[0m  CREATE UNIQUE INDEX "unique_schema_migrations" ON "schema_migrations" ("version")
  [1m[36m (0.7ms)[0m  [1mSELECT version FROM "schema_migrations"[0m
  [1m[35m (2.2ms)[0m  INSERT INTO "schema_migrations" (version) VALUES ('20151004211304')
  [1m[36m (1.2ms)[0m  [1mINSERT INTO "schema_migrations" (version) VALUES ('20111119180638')[0m
Connecting to database specified by database.yml
  [1m[36m (0.6ms)[0m  [1mSELECT "schema_migrations"."version" FROM "schema_migrations" [0m
  [1m[35m (135.0ms)[0m  DROP DATABASE IF EXISTS "mona_test"
  [1m[36m (626.2ms)[0m  [1mCREATE DATABASE "mona_test" ENCODING = 'unicode'[0m
  [1m[35m (24.8ms)[0m  CREATE TABLE "movies" ("id" serial primary key, "title" character varying(255), "rating" character varying(255), "description" text, "release_date" timestamp, "created_at" timestamp NOT NULL, "updated_at" timestamp NOT NULL, "director" character varying(255)) 
  [1m[36m (0.9ms)[0m  [1mCREATE TABLE "schema_migrations" ("version" character varying(255) NOT NULL) [0m
  [1m[35m (1.6ms)[0m  CREATE UNIQUE INDEX "unique_schema_migrations" ON "schema_migrations" ("version")
  [1m[36m (0.3ms)[0m  [1mSELECT version FROM "schema_migrations"[0m
  [1m[35m (0.5ms)[0m  INSERT INTO "schema_migrations" (version) VALUES ('20151004211304')
  [1m[36m (1.0ms)[0m  [1mINSERT INTO "schema_migrations" (version) VALUES ('20111119180638')[0m
Connecting to database specified by database.yml
  [1m[36m (0.3ms)[0m  [1mSELECT "schema_migrations"."version" FROM "schema_migrations" [0m
  [1m[35m (124.5ms)[0m  DROP DATABASE IF EXISTS "mona_test"
  [1m[36m (572.1ms)[0m  [1mCREATE DATABASE "mona_test" ENCODING = 'unicode'[0m
  [1m[35m (25.5ms)[0m  CREATE TABLE "movies" ("id" serial primary key, "title" character varying(255), "rating" character varying(255), "description" text, "release_date" timestamp, "created_at" timestamp NOT NULL, "updated_at" timestamp NOT NULL, "director" character varying(255)) 
  [1m[36m (2.9ms)[0m  [1mCREATE TABLE "schema_migrations" ("version" character varying(255) NOT NULL) [0m
  [1m[35m (4.3ms)[0m  CREATE UNIQUE INDEX "unique_schema_migrations" ON "schema_migrations" ("version")
  [1m[36m (0.9ms)[0m  [1mSELECT version FROM "schema_migrations"[0m
  [1m[35m (1.9ms)[0m  INSERT INTO "schema_migrations" (version) VALUES ('20151004211304')
  [1m[36m (1.3ms)[0m  [1mINSERT INTO "schema_migrations" (version) VALUES ('20111119180638')[0m
Connecting to database specified by database.yml
  [1m[36m (0.2ms)[0m  [1mSELECT "schema_migrations"."version" FROM "schema_migrations" [0m
  [1m[35m (112.7ms)[0m  DROP DATABASE IF EXISTS "mona_test"
  [1m[36m (529.3ms)[0m  [1mCREATE DATABASE "mona_test" ENCODING = 'unicode'[0m
  [1m[35m (8.1ms)[0m  CREATE TABLE "movies" ("id" serial primary key, "title" character varying(255), "rating" character varying(255), "description" text, "release_date" timestamp, "created_at" timestamp NOT NULL, "updated_at" timestamp NOT NULL, "director" character varying(255)) 
  [1m[36m (1.0ms)[0m  [1mCREATE TABLE "schema_migrations" ("version" character varying(255) NOT NULL) [0m
  [1m[35m (1.8ms)[0m  CREATE UNIQUE INDEX "unique_schema_migrations" ON "schema_migrations" ("version")
  [1m[36m (0.2ms)[0m  [1mSELECT version FROM "schema_migrations"[0m
  [1m[35m (0.5ms)[0m  INSERT INTO "schema_migrations" (version) VALUES ('20151004211304')
  [1m[36m (0.5ms)[0m  [1mINSERT INTO "schema_migrations" (version) VALUES ('20111119180638')[0m
Connecting to database specified by database.yml
  [1m[36m (0.2ms)[0m  [1mSELECT "schema_migrations"."version" FROM "schema_migrations" [0m
  [1m[35m (113.2ms)[0m  DROP DATABASE IF EXISTS "mona_test"
  [1m[36m (499.3ms)[0m  [1mCREATE DATABASE "mona_test" ENCODING = 'unicode'[0m
  [1m[35m (13.8ms)[0m  CREATE TABLE "movies" ("id" serial primary key, "title" character varying(255), "rating" character varying(255), "description" text, "release_date" timestamp, "created_at" timestamp NOT NULL, "updated_at" timestamp NOT NULL, "director" character varying(255)) 
  [1m[36m (1.0ms)[0m  [1mCREATE TABLE "schema_migrations" ("version" character varying(255) NOT NULL) [0m
  [1m[35m (1.8ms)[0m  CREATE UNIQUE INDEX "unique_schema_migrations" ON "schema_migrations" ("version")
  [1m[36m (0.2ms)[0m  [1mSELECT version FROM "schema_migrations"[0m
  [1m[35m (0.6ms)[0m  INSERT INTO "schema_migrations" (version) VALUES ('20151004211304')
  [1m[36m (0.5ms)[0m  [1mINSERT INTO "schema_migrations" (version) VALUES ('20111119180638')[0m
Connecting to database specified by database.yml
  [1m[36m (0.3ms)[0m  [1mSELECT "schema_migrations"."version" FROM "schema_migrations" [0m
  [1m[35m (113.2ms)[0m  DROP DATABASE IF EXISTS "mona_test"
  [1m[36m (545.8ms)[0m  [1mCREATE DATABASE "mona_test" ENCODING = 'unicode'[0m
  [1m[35m (10.7ms)[0m  CREATE TABLE "movies" ("id" serial primary key, "title" character varying(255), "rating" character varying(255), "description" text, "release_date" timestamp, "created_at" timestamp NOT NULL, "updated_at" timestamp NOT NULL, "director" character varying(255)) 
  [1m[36m (1.4ms)[0m  [1mCREATE TABLE "schema_migrations" ("version" character varying(255) NOT NULL) [0m
  [1m[35m (9.5ms)[0m  CREATE UNIQUE INDEX "unique_schema_migrations" ON "schema_migrations" ("version")
  [1m[36m (1.2ms)[0m  [1mSELECT version FROM "schema_migrations"[0m
  [1m[35m (2.5ms)[0m  INSERT INTO "schema_migrations" (version) VALUES ('20151004211304')
  [1m[36m (0.9ms)[0m  [1mINSERT INTO "schema_migrations" (version) VALUES ('20111119180638')[0m
Connecting to database specified by database.yml
  [1m[36m (0.2ms)[0m  [1mSELECT "schema_migrations"."version" FROM "schema_migrations" [0m
  [1m[35m (113.0ms)[0m  DROP DATABASE IF EXISTS "mona_test"
  [1m[36m (502.4ms)[0m  [1mCREATE DATABASE "mona_test" ENCODING = 'unicode'[0m
  [1m[35m (16.6ms)[0m  CREATE TABLE "movies" ("id" serial primary key, "title" character varying(255), "rating" character varying(255), "description" text, "release_date" timestamp, "created_at" timestamp NOT NULL, "updated_at" timestamp NOT NULL, "director" character varying(255)) 
  [1m[36m (0.8ms)[0m  [1mCREATE TABLE "schema_migrations" ("version" character varying(255) NOT NULL) [0m
  [1m[35m (1.8ms)[0m  CREATE UNIQUE INDEX "unique_schema_migrations" ON "schema_migrations" ("version")
  [1m[36m (0.3ms)[0m  [1mSELECT version FROM "schema_migrations"[0m
  [1m[35m (0.6ms)[0m  INSERT INTO "schema_migrations" (version) VALUES ('20151004211304')
  [1m[36m (0.5ms)[0m  [1mINSERT INTO "schema_migrations" (version) VALUES ('20111119180638')[0m
Connecting to database specified by database.yml
  [1m[36m (0.2ms)[0m  [1mSELECT "schema_migrations"."version" FROM "schema_migrations" [0m
  [1m[35m (111.8ms)[0m  DROP DATABASE IF EXISTS "mona_test"
  [1m[36m (511.7ms)[0m  [1mCREATE DATABASE "mona_test" ENCODING = 'unicode'[0m
  [1m[35m (14.8ms)[0m  CREATE TABLE "movies" ("id" serial primary key, "title" character varying(255), "rating" character varying(255), "description" text, "release_date" timestamp, "created_at" timestamp NOT NULL, "updated_at" timestamp NOT NULL, "director" character varying(255)) 
  [1m[36m (0.8ms)[0m  [1mCREATE TABLE "schema_migrations" ("version" character varying(255) NOT NULL) [0m
  [1m[35m (1.7ms)[0m  CREATE UNIQUE INDEX "unique_schema_migrations" ON "schema_migrations" ("version")
  [1m[36m (0.2ms)[0m  [1mSELECT version FROM "schema_migrations"[0m
  [1m[35m (0.5ms)[0m  INSERT INTO "schema_migrations" (version) VALUES ('20151004211304')
  [1m[36m (0.4ms)[0m  [1mINSERT INTO "schema_migrations" (version) VALUES ('20111119180638')[0m
Connecting to database specified by database.yml
  [1m[36m (0.2ms)[0m  [1mSELECT "schema_migrations"."version" FROM "schema_migrations" [0m
  [1m[35m (112.0ms)[0m  DROP DATABASE IF EXISTS "mona_test"
  [1m[36m (537.7ms)[0m  [1mCREATE DATABASE "mona_test" ENCODING = 'unicode'[0m
  [1m[35m (10.6ms)[0m  CREATE TABLE "movies" ("id" serial primary key, "title" character varying(255), "rating" character varying(255), "description" text, "release_date" timestamp, "created_at" timestamp NOT NULL, "updated_at" timestamp NOT NULL, "director" character varying(255)) 
  [1m[36m (0.9ms)[0m  [1mCREATE TABLE "schema_migrations" ("version" character varying(255) NOT NULL) [0m
  [1m[35m (2.2ms)[0m  CREATE UNIQUE INDEX "unique_schema_migrations" ON "schema_migrations" ("version")
  [1m[36m (0.2ms)[0m  [1mSELECT version FROM "schema_migrations"[0m
  [1m[35m (0.6ms)[0m  INSERT INTO "schema_migrations" (version) VALUES ('20151004211304')
  [1m[36m (0.5ms)[0m  [1mINSERT INTO "schema_migrations" (version) VALUES ('20111119180638')[0m
Connecting to database specified by database.yml
  [1m[36m (0.2ms)[0m  [1mSELECT "schema_migrations"."version" FROM "schema_migrations" [0m
  [1m[35m (114.6ms)[0m  DROP DATABASE IF EXISTS "mona_test"
  [1m[36m (292.9ms)[0m  [1mCREATE DATABASE "mona_test" ENCODING = 'unicode'[0m
  [1m[35m (12.7ms)[0m  CREATE TABLE "movies" ("id" serial primary key, "title" character varying(255), "rating" character varying(255), "description" text, "release_date" timestamp, "created_at" timestamp NOT NULL, "updated_at" timestamp NOT NULL, "director" character varying(255)) 
  [1m[36m (0.9ms)[0m  [1mCREATE TABLE "schema_migrations" ("version" character varying(255) NOT NULL) [0m
  [1m[35m (1.9ms)[0m  CREATE UNIQUE INDEX "unique_schema_migrations" ON "schema_migrations" ("version")
  [1m[36m (0.2ms)[0m  [1mSELECT version FROM "schema_migrations"[0m
  [1m[35m (0.5ms)[0m  INSERT INTO "schema_migrations" (version) VALUES ('20151004211304')
  [1m[36m (0.5ms)[0m  [1mINSERT INTO "schema_migrations" (version) VALUES ('20111119180638')[0m
Connecting to database specified by database.yml
  [1m[36m (0.2ms)[0m  [1mSELECT "schema_migrations"."version" FROM "schema_migrations" [0m
  [1m[35m (113.2ms)[0m  DROP DATABASE IF EXISTS "mona_test"
  [1m[36m (481.4ms)[0m  [1mCREATE DATABASE "mona_test" ENCODING = 'unicode'[0m
  [1m[35m (10.5ms)[0m  CREATE TABLE "movies" ("id" serial primary key, "title" character varying(255), "rating" character varying(255), "description" text, "release_date" timestamp, "created_at" timestamp NOT NULL, "updated_at" timestamp NOT NULL, "director" character varying(255)) 
  [1m[36m (0.7ms)[0m  [1mCREATE TABLE "schema_migrations" ("version" character varying(255) NOT NULL) [0m
  [1m[35m (2.0ms)[0m  CREATE UNIQUE INDEX "unique_schema_migrations" ON "schema_migrations" ("version")
  [1m[36m (0.2ms)[0m  [1mSELECT version FROM "schema_migrations"[0m
  [1m[35m (0.6ms)[0m  INSERT INTO "schema_migrations" (version) VALUES ('20151004211304')
  [1m[36m (0.5ms)[0m  [1mINSERT INTO "schema_migrations" (version) VALUES ('20111119180638')[0m
Connecting to database specified by database.yml
  [1m[36m (0.2ms)[0m  [1mSELECT "schema_migrations"."version" FROM "schema_migrations" [0m
  [1m[35m (112.5ms)[0m  DROP DATABASE IF EXISTS "mona_test"
  [1m[36m (333.7ms)[0m  [1mCREATE DATABASE "mona_test" ENCODING = 'unicode'[0m
  [1m[35m (8.7ms)[0m  CREATE TABLE "movies" ("id" serial primary key, "title" character varying(255), "rating" character varying(255), "description" text, "release_date" timestamp, "created_at" timestamp NOT NULL, "updated_at" timestamp NOT NULL, "director" character varying(255)) 
  [1m[36m (1.3ms)[0m  [1mCREATE TABLE "schema_migrations" ("version" character varying(255) NOT NULL) [0m
  [1m[35m (1.8ms)[0m  CREATE UNIQUE INDEX "unique_schema_migrations" ON "schema_migrations" ("version")
  [1m[36m (0.2ms)[0m  [1mSELECT version FROM "schema_migrations"[0m
  [1m[35m (0.5ms)[0m  INSERT INTO "schema_migrations" (version) VALUES ('20151004211304')
  [1m[36m (0.5ms)[0m  [1mINSERT INTO "schema_migrations" (version) VALUES ('20111119180638')[0m
Connecting to database specified by database.yml
  [1m[36m (0.2ms)[0m  [1mSELECT "schema_migrations"."version" FROM "schema_migrations" [0m
  [1m[35m (114.4ms)[0m  DROP DATABASE IF EXISTS "mona_test"
  [1m[36m (316.2ms)[0m  [1mCREATE DATABASE "mona_test" ENCODING = 'unicode'[0m
  [1m[35m (14.0ms)[0m  CREATE TABLE "movies" ("id" serial primary key, "title" character varying(255), "rating" character varying(255), "description" text, "release_date" timestamp, "created_at" timestamp NOT NULL, "updated_at" timestamp NOT NULL, "director" character varying(255)) 
  [1m[36m (1.7ms)[0m  [1mCREATE TABLE "schema_migrations" ("version" character varying(255) NOT NULL) [0m
  [1m[35m (2.4ms)[0m  CREATE UNIQUE INDEX "unique_schema_migrations" ON "schema_migrations" ("version")
  [1m[36m (0.3ms)[0m  [1mSELECT version FROM "schema_migrations"[0m
  [1m[35m (0.8ms)[0m  INSERT INTO "schema_migrations" (version) VALUES ('20151004211304')
  [1m[36m (0.7ms)[0m  [1mINSERT INTO "schema_migrations" (version) VALUES ('20111119180638')[0m
Connecting to database specified by database.yml
  [1m[36m (0.2ms)[0m  [1mSELECT "schema_migrations"."version" FROM "schema_migrations" [0m
  [1m[35m (114.1ms)[0m  DROP DATABASE IF EXISTS "mona_test"
  [1m[36m (329.1ms)[0m  [1mCREATE DATABASE "mona_test" ENCODING = 'unicode'[0m
  [1m[35m (9.3ms)[0m  CREATE TABLE "movies" ("id" serial primary key, "title" character varying(255), "rating" character varying(255), "description" text, "release_date" timestamp, "created_at" timestamp NOT NULL, "updated_at" timestamp NOT NULL, "director" character varying(255)) 
  [1m[36m (0.9ms)[0m  [1mCREATE TABLE "schema_migrations" ("version" character varying(255) NOT NULL) [0m
  [1m[35m (2.0ms)[0m  CREATE UNIQUE INDEX "unique_schema_migrations" ON "schema_migrations" ("version")
  [1m[36m (0.3ms)[0m  [1mSELECT version FROM "schema_migrations"[0m
  [1m[35m (0.6ms)[0m  INSERT INTO "schema_migrations" (version) VALUES ('20151004211304')
  [1m[36m (0.5ms)[0m  [1mINSERT INTO "schema_migrations" (version) VALUES ('20111119180638')[0m
Connecting to database specified by database.yml
  [1m[36m (0.2ms)[0m  [1mSELECT "schema_migrations"."version" FROM "schema_migrations" [0m
  [1m[35m (113.7ms)[0m  DROP DATABASE IF EXISTS "mona_test"
  [1m[36m (284.0ms)[0m  [1mCREATE DATABASE "mona_test" ENCODING = 'unicode'[0m
  [1m[35m (6.6ms)[0m  CREATE TABLE "movies" ("id" serial primary key, "title" character varying(255), "rating" character varying(255), "description" text, "release_date" timestamp, "created_at" timestamp NOT NULL, "updated_at" timestamp NOT NULL, "director" character varying(255)) 
  [1m[36m (0.9ms)[0m  [1mCREATE TABLE "schema_migrations" ("version" character varying(255) NOT NULL) [0m
  [1m[35m (1.9ms)[0m  CREATE UNIQUE INDEX "unique_schema_migrations" ON "schema_migrations" ("version")
  [1m[36m (0.3ms)[0m  [1mSELECT version FROM "schema_migrations"[0m
  [1m[35m (0.6ms)[0m  INSERT INTO "schema_migrations" (version) VALUES ('20151004211304')
  [1m[36m (0.5ms)[0m  [1mINSERT INTO "schema_migrations" (version) VALUES ('20111119180638')[0m
Connecting to database specified by database.yml
  [1m[36m (1.4ms)[0m  [1mSELECT "schema_migrations"."version" FROM "schema_migrations" [0m
  [1m[35m (114.5ms)[0m  DROP DATABASE IF EXISTS "mona_test"
  [1m[36m (283.5ms)[0m  [1mCREATE DATABASE "mona_test" ENCODING = 'unicode'[0m
  [1m[35m (6.4ms)[0m  CREATE TABLE "movies" ("id" serial primary key, "title" character varying(255), "rating" character varying(255), "description" text, "release_date" timestamp, "created_at" timestamp NOT NULL, "updated_at" timestamp NOT NULL, "director" character varying(255)) 
  [1m[36m (0.8ms)[0m  [1mCREATE TABLE "schema_migrations" ("version" character varying(255) NOT NULL) [0m
  [1m[35m (1.8ms)[0m  CREATE UNIQUE INDEX "unique_schema_migrations" ON "schema_migrations" ("version")
  [1m[36m (0.2ms)[0m  [1mSELECT version FROM "schema_migrations"[0m
  [1m[35m (0.6ms)[0m  INSERT INTO "schema_migrations" (version) VALUES ('20151004211304')
  [1m[36m (0.5ms)[0m  [1mINSERT INTO "schema_migrations" (version) VALUES ('20111119180638')[0m
Connecting to database specified by database.yml
  [1m[36m (0.2ms)[0m  [1mSELECT "schema_migrations"."version" FROM "schema_migrations" [0m
  [1m[35m (114.9ms)[0m  DROP DATABASE IF EXISTS "mona_test"
  [1m[36m (312.1ms)[0m  [1mCREATE DATABASE "mona_test" ENCODING = 'unicode'[0m
  [1m[35m (6.2ms)[0m  CREATE TABLE "movies" ("id" serial primary key, "title" character varying(255), "rating" character varying(255), "description" text, "release_date" timestamp, "created_at" timestamp NOT NULL, "updated_at" timestamp NOT NULL, "director" character varying(255)) 
  [1m[36m (0.7ms)[0m  [1mCREATE TABLE "schema_migrations" ("version" character varying(255) NOT NULL) [0m
  [1m[35m (1.8ms)[0m  CREATE UNIQUE INDEX "unique_schema_migrations" ON "schema_migrations" ("version")
  [1m[36m (0.2ms)[0m  [1mSELECT version FROM "schema_migrations"[0m
  [1m[35m (0.5ms)[0m  INSERT INTO "schema_migrations" (version) VALUES ('20151004211304')
  [1m[36m (0.5ms)[0m  [1mINSERT INTO "schema_migrations" (version) VALUES ('20111119180638')[0m
Connecting to database specified by database.yml
  [1m[36m (0.2ms)[0m  [1mSELECT "schema_migrations"."version" FROM "schema_migrations" [0m
  [1m[35m (113.0ms)[0m  DROP DATABASE IF EXISTS "mona_test"
  [1m[36m (308.0ms)[0m  [1mCREATE DATABASE "mona_test" ENCODING = 'unicode'[0m
  [1m[35m (9.9ms)[0m  CREATE TABLE "movies" ("id" serial primary key, "title" character varying(255), "rating" character varying(255), "description" text, "release_date" timestamp, "created_at" timestamp NOT NULL, "updated_at" timestamp NOT NULL, "director" character varying(255)) 
  [1m[36m (0.9ms)[0m  [1mCREATE TABLE "schema_migrations" ("version" character varying(255) NOT NULL) [0m
  [1m[35m (1.9ms)[0m  CREATE UNIQUE INDEX "unique_schema_migrations" ON "schema_migrations" ("version")
  [1m[36m (0.3ms)[0m  [1mSELECT version FROM "schema_migrations"[0m
  [1m[35m (0.7ms)[0m  INSERT INTO "schema_migrations" (version) VALUES ('20151004211304')
  [1m[36m (0.5ms)[0m  [1mINSERT INTO "schema_migrations" (version) VALUES ('20111119180638')[0m
